<?xml version="1.0" encoding="UTF-8"?>
<testsuite xmlns:xsi="http://www.w3.org/2001/XMLSchema-instance" xsi:noNamespaceSchemaLocation="https://maven.apache.org/surefire/maven-surefire-plugin/xsd/surefire-test-report-3.0.xsd" version="3.0" name="com.igot.cb.pores.config.RedisConfigTest" time="0.836" tests="5" errors="0" skipped="0" failures="0">
  <properties>
    <property name="java.specification.version" value="17"/>
    <property name="sun.jnu.encoding" value="UTF-8"/>
    <property name="java.class.path" value="/home/maheshrv/Documents/IGOT/sourcecodes-igot/cb-discussion-service/target/test-classes:/home/maheshrv/Documents/IGOT/sourcecodes-igot/cb-discussion-service/target/classes:/home/maheshrv/.m2/repository/org/springframework/boot/spring-boot-starter-web/3.2.0/spring-boot-starter-web-3.2.0.jar:/home/maheshrv/.m2/repository/org/springframework/boot/spring-boot-starter/3.2.0/spring-boot-starter-3.2.0.jar:/home/maheshrv/.m2/repository/org/springframework/boot/spring-boot/3.2.0/spring-boot-3.2.0.jar:/home/maheshrv/.m2/repository/org/springframework/boot/spring-boot-autoconfigure/3.2.0/spring-boot-autoconfigure-3.2.0.jar:/home/maheshrv/.m2/repository/jakarta/annotation/jakarta.annotation-api/2.1.1/jakarta.annotation-api-2.1.1.jar:/home/maheshrv/.m2/repository/org/yaml/snakeyaml/2.2/snakeyaml-2.2.jar:/home/maheshrv/.m2/repository/org/springframework/boot/spring-boot-starter-json/3.2.0/spring-boot-starter-json-3.2.0.jar:/home/maheshrv/.m2/repository/com/fasterxml/jackson/datatype/jackson-datatype-jdk8/2.15.3/jackson-datatype-jdk8-2.15.3.jar:/home/maheshrv/.m2/repository/com/fasterxml/jackson/datatype/jackson-datatype-jsr310/2.15.3/jackson-datatype-jsr310-2.15.3.jar:/home/maheshrv/.m2/repository/com/fasterxml/jackson/module/jackson-module-parameter-names/2.15.3/jackson-module-parameter-names-2.15.3.jar:/home/maheshrv/.m2/repository/org/springframework/boot/spring-boot-starter-tomcat/3.2.0/spring-boot-starter-tomcat-3.2.0.jar:/home/maheshrv/.m2/repository/org/apache/tomcat/embed/tomcat-embed-core/10.1.16/tomcat-embed-core-10.1.16.jar:/home/maheshrv/.m2/repository/org/apache/tomcat/embed/tomcat-embed-el/10.1.16/tomcat-embed-el-10.1.16.jar:/home/maheshrv/.m2/repository/org/apache/tomcat/embed/tomcat-embed-websocket/10.1.16/tomcat-embed-websocket-10.1.16.jar:/home/maheshrv/.m2/repository/org/springframework/spring-web/6.1.1/spring-web-6.1.1.jar:/home/maheshrv/.m2/repository/org/springframework/spring-webmvc/6.1.1/spring-webmvc-6.1.1.jar:/home/maheshrv/.m2/repository/org/apache/httpcomponents/client5/httpclient5/5.2.1/httpclient5-5.2.1.jar:/home/maheshrv/.m2/repository/org/apache/httpcomponents/core5/httpcore5/5.2.3/httpcore5-5.2.3.jar:/home/maheshrv/.m2/repository/org/apache/httpcomponents/core5/httpcore5-h2/5.2.3/httpcore5-h2-5.2.3.jar:/home/maheshrv/.m2/repository/org/slf4j/slf4j-api/2.0.9/slf4j-api-2.0.9.jar:/home/maheshrv/.m2/repository/org/springframework/data/spring-data-redis/3.2.0/spring-data-redis-3.2.0.jar:/home/maheshrv/.m2/repository/org/springframework/data/spring-data-keyvalue/3.2.0/spring-data-keyvalue-3.2.0.jar:/home/maheshrv/.m2/repository/org/springframework/spring-tx/6.1.1/spring-tx-6.1.1.jar:/home/maheshrv/.m2/repository/org/springframework/spring-oxm/6.1.1/spring-oxm-6.1.1.jar:/home/maheshrv/.m2/repository/org/springframework/spring-aop/6.1.1/spring-aop-6.1.1.jar:/home/maheshrv/.m2/repository/org/springframework/spring-context-support/6.1.1/spring-context-support-6.1.1.jar:/home/maheshrv/.m2/repository/org/apache/commons/commons-pool2/2.12.0/commons-pool2-2.12.0.jar:/home/maheshrv/.m2/repository/org/springframework/boot/spring-boot-configuration-processor/3.2.0/spring-boot-configuration-processor-3.2.0.jar:/home/maheshrv/.m2/repository/org/springframework/boot/spring-boot-starter-aop/3.2.0/spring-boot-starter-aop-3.2.0.jar:/home/maheshrv/.m2/repository/org/aspectj/aspectjweaver/1.9.20.1/aspectjweaver-1.9.20.1.jar:/home/maheshrv/.m2/repository/org/apache/httpcomponents/httpmime/4.5.13/httpmime-4.5.13.jar:/home/maheshrv/.m2/repository/org/apache/httpcomponents/httpclient/4.5.13/httpclient-4.5.13.jar:/home/maheshrv/.m2/repository/org/apache/httpcomponents/httpcore/4.4.16/httpcore-4.4.16.jar:/home/maheshrv/.m2/repository/org/springframework/boot/spring-boot-starter-log4j2/3.2.0/spring-boot-starter-log4j2-3.2.0.jar:/home/maheshrv/.m2/repository/org/apache/logging/log4j/log4j-slf4j2-impl/2.21.1/log4j-slf4j2-impl-2.21.1.jar:/home/maheshrv/.m2/repository/org/apache/logging/log4j/log4j-core/2.21.1/log4j-core-2.21.1.jar:/home/maheshrv/.m2/repository/org/apache/logging/log4j/log4j-jul/2.21.1/log4j-jul-2.21.1.jar:/home/maheshrv/.m2/repository/org/springframework/boot/spring-boot-starter-test/3.2.0/spring-boot-starter-test-3.2.0.jar:/home/maheshrv/.m2/repository/org/springframework/boot/spring-boot-test/3.2.0/spring-boot-test-3.2.0.jar:/home/maheshrv/.m2/repository/org/springframework/boot/spring-boot-test-autoconfigure/3.2.0/spring-boot-test-autoconfigure-3.2.0.jar:/home/maheshrv/.m2/repository/com/jayway/jsonpath/json-path/2.8.0/json-path-2.8.0.jar:/home/maheshrv/.m2/repository/jakarta/xml/bind/jakarta.xml.bind-api/4.0.1/jakarta.xml.bind-api-4.0.1.jar:/home/maheshrv/.m2/repository/jakarta/activation/jakarta.activation-api/2.1.2/jakarta.activation-api-2.1.2.jar:/home/maheshrv/.m2/repository/net/minidev/json-smart/2.5.0/json-smart-2.5.0.jar:/home/maheshrv/.m2/repository/net/minidev/accessors-smart/2.5.0/accessors-smart-2.5.0.jar:/home/maheshrv/.m2/repository/org/ow2/asm/asm/9.3/asm-9.3.jar:/home/maheshrv/.m2/repository/org/assertj/assertj-core/3.24.2/assertj-core-3.24.2.jar:/home/maheshrv/.m2/repository/org/awaitility/awaitility/4.2.0/awaitility-4.2.0.jar:/home/maheshrv/.m2/repository/org/hamcrest/hamcrest/2.2/hamcrest-2.2.jar:/home/maheshrv/.m2/repository/org/junit/jupiter/junit-jupiter/5.10.1/junit-jupiter-5.10.1.jar:/home/maheshrv/.m2/repository/org/junit/jupiter/junit-jupiter-api/5.10.1/junit-jupiter-api-5.10.1.jar:/home/maheshrv/.m2/repository/org/opentest4j/opentest4j/1.3.0/opentest4j-1.3.0.jar:/home/maheshrv/.m2/repository/org/junit/platform/junit-platform-commons/1.10.1/junit-platform-commons-1.10.1.jar:/home/maheshrv/.m2/repository/org/apiguardian/apiguardian-api/1.1.2/apiguardian-api-1.1.2.jar:/home/maheshrv/.m2/repository/org/junit/jupiter/junit-jupiter-params/5.10.1/junit-jupiter-params-5.10.1.jar:/home/maheshrv/.m2/repository/org/junit/jupiter/junit-jupiter-engine/5.10.1/junit-jupiter-engine-5.10.1.jar:/home/maheshrv/.m2/repository/org/junit/platform/junit-platform-engine/1.10.1/junit-platform-engine-1.10.1.jar:/home/maheshrv/.m2/repository/org/mockito/mockito-core/5.7.0/mockito-core-5.7.0.jar:/home/maheshrv/.m2/repository/net/bytebuddy/byte-buddy-agent/1.14.10/byte-buddy-agent-1.14.10.jar:/home/maheshrv/.m2/repository/org/objenesis/objenesis/3.3/objenesis-3.3.jar:/home/maheshrv/.m2/repository/org/mockito/mockito-junit-jupiter/5.7.0/mockito-junit-jupiter-5.7.0.jar:/home/maheshrv/.m2/repository/org/skyscreamer/jsonassert/1.5.1/jsonassert-1.5.1.jar:/home/maheshrv/.m2/repository/com/vaadin/external/google/android-json/0.0.20131108.vaadin1/android-json-0.0.20131108.vaadin1.jar:/home/maheshrv/.m2/repository/org/springframework/spring-core/6.1.1/spring-core-6.1.1.jar:/home/maheshrv/.m2/repository/org/springframework/spring-jcl/6.1.1/spring-jcl-6.1.1.jar:/home/maheshrv/.m2/repository/org/springframework/spring-test/6.1.1/spring-test-6.1.1.jar:/home/maheshrv/.m2/repository/org/xmlunit/xmlunit-core/2.9.1/xmlunit-core-2.9.1.jar:/home/maheshrv/.m2/repository/org/springframework/data/spring-data-cassandra/4.2.0/spring-data-cassandra-4.2.0.jar:/home/maheshrv/.m2/repository/org/springframework/spring-beans/6.1.1/spring-beans-6.1.1.jar:/home/maheshrv/.m2/repository/org/springframework/spring-context/6.1.1/spring-context-6.1.1.jar:/home/maheshrv/.m2/repository/org/springframework/spring-expression/6.1.1/spring-expression-6.1.1.jar:/home/maheshrv/.m2/repository/org/springframework/data/spring-data-commons/3.2.0/spring-data-commons-3.2.0.jar:/home/maheshrv/.m2/repository/org/sonarsource/scanner/maven/sonar-maven-plugin/3.8.0.2131/sonar-maven-plugin-3.8.0.2131.jar:/home/maheshrv/.m2/repository/org/sonatype/plexus/plexus-sec-dispatcher/1.4/plexus-sec-dispatcher-1.4.jar:/home/maheshrv/.m2/repository/org/sonatype/plexus/plexus-cipher/1.4/plexus-cipher-1.4.jar:/home/maheshrv/.m2/repository/org/codehaus/plexus/plexus-utils/3.2.1/plexus-utils-3.2.1.jar:/home/maheshrv/.m2/repository/org/sonarsource/scanner/api/sonar-scanner-api/2.16.0.226/sonar-scanner-api-2.16.0.226.jar:/home/maheshrv/.m2/repository/commons-lang/commons-lang/2.6/commons-lang-2.6.jar:/home/maheshrv/.m2/repository/co/elastic/clients/elasticsearch-java/8.10.4/elasticsearch-java-8.10.4.jar:/home/maheshrv/.m2/repository/org/elasticsearch/client/elasticsearch-rest-client/8.10.4/elasticsearch-rest-client-8.10.4.jar:/home/maheshrv/.m2/repository/org/apache/httpcomponents/httpasyncclient/4.1.5/httpasyncclient-4.1.5.jar:/home/maheshrv/.m2/repository/org/apache/httpcomponents/httpcore-nio/4.4.16/httpcore-nio-4.4.16.jar:/home/maheshrv/.m2/repository/com/google/code/findbugs/jsr305/3.0.2/jsr305-3.0.2.jar:/home/maheshrv/.m2/repository/jakarta/json/jakarta.json-api/2.1.3/jakarta.json-api-2.1.3.jar:/home/maheshrv/.m2/repository/org/eclipse/parsson/parsson/1.0.0/parsson-1.0.0.jar:/home/maheshrv/.m2/repository/io/opentelemetry/opentelemetry-api/1.31.0/opentelemetry-api-1.31.0.jar:/home/maheshrv/.m2/repository/io/opentelemetry/opentelemetry-context/1.31.0/opentelemetry-context-1.31.0.jar:/home/maheshrv/.m2/repository/org/springframework/kafka/spring-kafka/3.1.0/spring-kafka-3.1.0.jar:/home/maheshrv/.m2/repository/org/springframework/spring-messaging/6.1.1/spring-messaging-6.1.1.jar:/home/maheshrv/.m2/repository/org/springframework/retry/spring-retry/2.0.4/spring-retry-2.0.4.jar:/home/maheshrv/.m2/repository/org/apache/kafka/kafka-clients/2.8.1/kafka-clients-2.8.1.jar:/home/maheshrv/.m2/repository/com/github/luben/zstd-jni/1.4.9-1/zstd-jni-1.4.9-1.jar:/home/maheshrv/.m2/repository/org/lz4/lz4-java/1.7.1/lz4-java-1.7.1.jar:/home/maheshrv/.m2/repository/org/xerial/snappy/snappy-java/1.1.8.1/snappy-java-1.1.8.1.jar:/home/maheshrv/.m2/repository/io/micrometer/micrometer-observation/1.12.0/micrometer-observation-1.12.0.jar:/home/maheshrv/.m2/repository/io/micrometer/micrometer-commons/1.12.0/micrometer-commons-1.12.0.jar:/home/maheshrv/.m2/repository/com/googlecode/json-simple/json-simple/1.1.1/json-simple-1.1.1.jar:/home/maheshrv/.m2/repository/junit/junit/4.13.2/junit-4.13.2.jar:/home/maheshrv/.m2/repository/org/hamcrest/hamcrest-core/2.2/hamcrest-core-2.2.jar:/home/maheshrv/.m2/repository/org/apache/velocity/velocity/1.7/velocity-1.7.jar:/home/maheshrv/.m2/repository/commons-collections/commons-collections/3.2.1/commons-collections-3.2.1.jar:/home/maheshrv/.m2/repository/org/apache/velocity/velocity-tools/2.0/velocity-tools-2.0.jar:/home/maheshrv/.m2/repository/commons-beanutils/commons-beanutils/1.7.0/commons-beanutils-1.7.0.jar:/home/maheshrv/.m2/repository/commons-digester/commons-digester/1.8/commons-digester-1.8.jar:/home/maheshrv/.m2/repository/commons-chain/commons-chain/1.1/commons-chain-1.1.jar:/home/maheshrv/.m2/repository/commons-logging/commons-logging/1.1/commons-logging-1.1.jar:/home/maheshrv/.m2/repository/javax/servlet/servlet-api/2.3/servlet-api-2.3.jar:/home/maheshrv/.m2/repository/commons-validator/commons-validator/1.3.1/commons-validator-1.3.1.jar:/home/maheshrv/.m2/repository/dom4j/dom4j/1.1/dom4j-1.1.jar:/home/maheshrv/.m2/repository/oro/oro/2.0.8/oro-2.0.8.jar:/home/maheshrv/.m2/repository/sslext/sslext/1.2-0/sslext-1.2-0.jar:/home/maheshrv/.m2/repository/org/apache/struts/struts-core/1.3.8/struts-core-1.3.8.jar:/home/maheshrv/.m2/repository/antlr/antlr/2.7.2/antlr-2.7.2.jar:/home/maheshrv/.m2/repository/org/apache/struts/struts-taglib/1.3.8/struts-taglib-1.3.8.jar:/home/maheshrv/.m2/repository/org/apache/struts/struts-tiles/1.3.8/struts-tiles-1.3.8.jar:/home/maheshrv/.m2/repository/org/keycloak/keycloak-common/18.0.0/keycloak-common-18.0.0.jar:/home/maheshrv/.m2/repository/org/bouncycastle/bcprov-jdk15on/1.68/bcprov-jdk15on-1.68.jar:/home/maheshrv/.m2/repository/org/bouncycastle/bcpkix-jdk15on/1.68/bcpkix-jdk15on-1.68.jar:/home/maheshrv/.m2/repository/com/sun/activation/jakarta.activation/1.2.2/jakarta.activation-1.2.2.jar:/home/maheshrv/.m2/repository/org/keycloak/keycloak-admin-client/18.0.0/keycloak-admin-client-18.0.0.jar:/home/maheshrv/.m2/repository/org/keycloak/keycloak-core/18.0.0/keycloak-core-18.0.0.jar:/home/maheshrv/.m2/repository/org/jboss/resteasy/resteasy-client/3.13.2.Final/resteasy-client-3.13.2.Final.jar:/home/maheshrv/.m2/repository/org/jboss/spec/javax/ws/rs/jboss-jaxrs-api_2.1_spec/2.0.1.Final/jboss-jaxrs-api_2.1_spec-2.0.1.Final.jar:/home/maheshrv/.m2/repository/org/jboss/resteasy/resteasy-jaxrs/3.13.2.Final/resteasy-jaxrs-3.13.2.Final.jar:/home/maheshrv/.m2/repository/jakarta/validation/jakarta.validation-api/3.0.2/jakarta.validation-api-3.0.2.jar:/home/maheshrv/.m2/repository/org/jboss/spec/javax/annotation/jboss-annotations-api_1.3_spec/2.0.1.Final/jboss-annotations-api_1.3_spec-2.0.1.Final.jar:/home/maheshrv/.m2/repository/org/jboss/resteasy/resteasy-multipart-provider/3.13.2.Final/resteasy-multipart-provider-3.13.2.Final.jar:/home/maheshrv/.m2/repository/com/sun/mail/jakarta.mail/1.6.5/jakarta.mail-1.6.5.jar:/home/maheshrv/.m2/repository/org/apache/james/apache-mime4j/0.6/apache-mime4j-0.6.jar:/home/maheshrv/.m2/repository/org/jboss/resteasy/resteasy-jackson2-provider/3.13.2.Final/resteasy-jackson2-provider-3.13.2.Final.jar:/home/maheshrv/.m2/repository/com/fasterxml/jackson/core/jackson-annotations/2.15.3/jackson-annotations-2.15.3.jar:/home/maheshrv/.m2/repository/com/fasterxml/jackson/jaxrs/jackson-jaxrs-json-provider/2.15.3/jackson-jaxrs-json-provider-2.15.3.jar:/home/maheshrv/.m2/repository/com/fasterxml/jackson/jaxrs/jackson-jaxrs-base/2.15.3/jackson-jaxrs-base-2.15.3.jar:/home/maheshrv/.m2/repository/com/github/fge/json-patch/1.9/json-patch-1.9.jar:/home/maheshrv/.m2/repository/com/github/fge/jackson-coreutils/1.6/jackson-coreutils-1.6.jar:/home/maheshrv/.m2/repository/com/github/fge/msg-simple/1.1/msg-simple-1.1.jar:/home/maheshrv/.m2/repository/com/github/fge/btf/1.2/btf-1.2.jar:/home/maheshrv/.m2/repository/org/jboss/resteasy/resteasy-jaxb-provider/3.13.2.Final/resteasy-jaxb-provider-3.13.2.Final.jar:/home/maheshrv/.m2/repository/org/jboss/spec/javax/xml/bind/jboss-jaxb-api_2.3_spec/2.0.0.Final/jboss-jaxb-api_2.3_spec-2.0.0.Final.jar:/home/maheshrv/.m2/repository/org/apache/poi/poi/5.2.3/poi-5.2.3.jar:/home/maheshrv/.m2/repository/commons-codec/commons-codec/1.16.0/commons-codec-1.16.0.jar:/home/maheshrv/.m2/repository/org/apache/commons/commons-collections4/4.4/commons-collections4-4.4.jar:/home/maheshrv/.m2/repository/org/apache/commons/commons-math3/3.6.1/commons-math3-3.6.1.jar:/home/maheshrv/.m2/repository/commons-io/commons-io/2.11.0/commons-io-2.11.0.jar:/home/maheshrv/.m2/repository/com/zaxxer/SparseBitSet/1.2/SparseBitSet-1.2.jar:/home/maheshrv/.m2/repository/org/apache/logging/log4j/log4j-api/2.21.1/log4j-api-2.21.1.jar:/home/maheshrv/.m2/repository/org/apache/poi/poi-ooxml/5.2.1/poi-ooxml-5.2.1.jar:/home/maheshrv/.m2/repository/org/apache/poi/poi-ooxml-lite/5.2.1/poi-ooxml-lite-5.2.1.jar:/home/maheshrv/.m2/repository/org/apache/xmlbeans/xmlbeans/5.0.3/xmlbeans-5.0.3.jar:/home/maheshrv/.m2/repository/org/apache/commons/commons-compress/1.21/commons-compress-1.21.jar:/home/maheshrv/.m2/repository/com/github/virtuald/curvesapi/1.07/curvesapi-1.07.jar:/home/maheshrv/.m2/repository/io/lettuce/lettuce-core/6.3.1.RELEASE/lettuce-core-6.3.1.RELEASE.jar:/home/maheshrv/.m2/repository/io/netty/netty-common/4.1.101.Final/netty-common-4.1.101.Final.jar:/home/maheshrv/.m2/repository/io/netty/netty-handler/4.1.101.Final/netty-handler-4.1.101.Final.jar:/home/maheshrv/.m2/repository/io/netty/netty-resolver/4.1.101.Final/netty-resolver-4.1.101.Final.jar:/home/maheshrv/.m2/repository/io/netty/netty-buffer/4.1.101.Final/netty-buffer-4.1.101.Final.jar:/home/maheshrv/.m2/repository/io/netty/netty-transport-native-unix-common/4.1.101.Final/netty-transport-native-unix-common-4.1.101.Final.jar:/home/maheshrv/.m2/repository/io/netty/netty-codec/4.1.101.Final/netty-codec-4.1.101.Final.jar:/home/maheshrv/.m2/repository/io/netty/netty-transport/4.1.101.Final/netty-transport-4.1.101.Final.jar:/home/maheshrv/.m2/repository/io/projectreactor/reactor-core/3.6.0/reactor-core-3.6.0.jar:/home/maheshrv/.m2/repository/org/springframework/boot/spring-boot-starter-data-jpa/3.2.0/spring-boot-starter-data-jpa-3.2.0.jar:/home/maheshrv/.m2/repository/org/springframework/boot/spring-boot-starter-jdbc/3.2.0/spring-boot-starter-jdbc-3.2.0.jar:/home/maheshrv/.m2/repository/com/zaxxer/HikariCP/5.0.1/HikariCP-5.0.1.jar:/home/maheshrv/.m2/repository/org/springframework/spring-jdbc/6.1.1/spring-jdbc-6.1.1.jar:/home/maheshrv/.m2/repository/org/springframework/data/spring-data-jpa/3.2.0/spring-data-jpa-3.2.0.jar:/home/maheshrv/.m2/repository/org/springframework/spring-orm/6.1.1/spring-orm-6.1.1.jar:/home/maheshrv/.m2/repository/org/springframework/spring-aspects/6.1.1/spring-aspects-6.1.1.jar:/home/maheshrv/.m2/repository/org/postgresql/postgresql/42.6.0/postgresql-42.6.0.jar:/home/maheshrv/.m2/repository/org/checkerframework/checker-qual/3.31.0/checker-qual-3.31.0.jar:/home/maheshrv/.m2/repository/org/hibernate/orm/hibernate-core/6.3.1.Final/hibernate-core-6.3.1.Final.jar:/home/maheshrv/.m2/repository/jakarta/persistence/jakarta.persistence-api/3.1.0/jakarta.persistence-api-3.1.0.jar:/home/maheshrv/.m2/repository/jakarta/transaction/jakarta.transaction-api/2.0.1/jakarta.transaction-api-2.0.1.jar:/home/maheshrv/.m2/repository/org/jboss/logging/jboss-logging/3.5.3.Final/jboss-logging-3.5.3.Final.jar:/home/maheshrv/.m2/repository/org/hibernate/common/hibernate-commons-annotations/6.0.6.Final/hibernate-commons-annotations-6.0.6.Final.jar:/home/maheshrv/.m2/repository/io/smallrye/jandex/3.1.2/jandex-3.1.2.jar:/home/maheshrv/.m2/repository/com/fasterxml/classmate/1.6.0/classmate-1.6.0.jar:/home/maheshrv/.m2/repository/net/bytebuddy/byte-buddy/1.14.10/byte-buddy-1.14.10.jar:/home/maheshrv/.m2/repository/org/glassfish/jaxb/jaxb-runtime/4.0.4/jaxb-runtime-4.0.4.jar:/home/maheshrv/.m2/repository/org/glassfish/jaxb/jaxb-core/4.0.4/jaxb-core-4.0.4.jar:/home/maheshrv/.m2/repository/org/eclipse/angus/angus-activation/2.0.1/angus-activation-2.0.1.jar:/home/maheshrv/.m2/repository/org/glassfish/jaxb/txw2/4.0.4/txw2-4.0.4.jar:/home/maheshrv/.m2/repository/com/sun/istack/istack-commons-runtime/4.1.2/istack-commons-runtime-4.1.2.jar:/home/maheshrv/.m2/repository/jakarta/inject/jakarta.inject-api/2.0.1/jakarta.inject-api-2.0.1.jar:/home/maheshrv/.m2/repository/org/antlr/antlr4-runtime/4.10.1/antlr4-runtime-4.10.1.jar:/home/maheshrv/.m2/repository/com/github/erosb/everit-json-schema/1.14.2/everit-json-schema-1.14.2.jar:/home/maheshrv/.m2/repository/org/json/json/20230227/json-20230227.jar:/home/maheshrv/.m2/repository/com/damnhandy/handy-uri-templates/2.1.8/handy-uri-templates-2.1.8.jar:/home/maheshrv/.m2/repository/com/google/re2j/re2j/1.6/re2j-1.6.jar:/home/maheshrv/.m2/repository/net/lingala/zip4j/zip4j/2.11.5/zip4j-2.11.5.jar:/home/maheshrv/.m2/repository/io/jsonwebtoken/jjwt/0.9.1/jjwt-0.9.1.jar:/home/maheshrv/.m2/repository/com/fasterxml/jackson/core/jackson-databind/2.15.3/jackson-databind-2.15.3.jar:/home/maheshrv/.m2/repository/com/datastax/oss/java-driver-core/4.15.0/java-driver-core-4.15.0.jar:/home/maheshrv/.m2/repository/com/datastax/oss/native-protocol/1.5.1/native-protocol-1.5.1.jar:/home/maheshrv/.m2/repository/com/datastax/oss/java-driver-shaded-guava/25.1-jre-graal-sub-1/java-driver-shaded-guava-25.1-jre-graal-sub-1.jar:/home/maheshrv/.m2/repository/com/github/jnr/jnr-posix/3.1.15/jnr-posix-3.1.15.jar:/home/maheshrv/.m2/repository/com/github/jnr/jnr-ffi/2.2.11/jnr-ffi-2.2.11.jar:/home/maheshrv/.m2/repository/com/github/jnr/jffi/1.3.9/jffi-1.3.9.jar:/home/maheshrv/.m2/repository/com/github/jnr/jffi/1.3.9/jffi-1.3.9-native.jar:/home/maheshrv/.m2/repository/org/ow2/asm/asm-commons/9.2/asm-commons-9.2.jar:/home/maheshrv/.m2/repository/org/ow2/asm/asm-analysis/9.2/asm-analysis-9.2.jar:/home/maheshrv/.m2/repository/org/ow2/asm/asm-tree/9.2/asm-tree-9.2.jar:/home/maheshrv/.m2/repository/org/ow2/asm/asm-util/9.2/asm-util-9.2.jar:/home/maheshrv/.m2/repository/com/github/jnr/jnr-a64asm/1.0.0/jnr-a64asm-1.0.0.jar:/home/maheshrv/.m2/repository/com/github/jnr/jnr-x86asm/1.0.2/jnr-x86asm-1.0.2.jar:/home/maheshrv/.m2/repository/com/github/jnr/jnr-constants/0.10.3/jnr-constants-0.10.3.jar:/home/maheshrv/.m2/repository/io/dropwizard/metrics/metrics-core/4.2.22/metrics-core-4.2.22.jar:/home/maheshrv/.m2/repository/org/hdrhistogram/HdrHistogram/2.1.12/HdrHistogram-2.1.12.jar:/home/maheshrv/.m2/repository/com/fasterxml/jackson/core/jackson-core/2.15.3/jackson-core-2.15.3.jar:/home/maheshrv/.m2/repository/org/reactivestreams/reactive-streams/1.0.4/reactive-streams-1.0.4.jar:/home/maheshrv/.m2/repository/com/github/stephenc/jcip/jcip-annotations/1.0-1/jcip-annotations-1.0-1.jar:/home/maheshrv/.m2/repository/com/github/spotbugs/spotbugs-annotations/4.7.3/spotbugs-annotations-4.7.3.jar:/home/maheshrv/.m2/repository/com/datastax/oss/java-driver-query-builder/4.0.0/java-driver-query-builder-4.0.0.jar:/home/maheshrv/.m2/repository/com/codahale/metrics/metrics-core/3.0.2/metrics-core-3.0.2.jar:/home/maheshrv/.m2/repository/com/typesafe/config/1.4.2/config-1.4.2.jar:/home/maheshrv/.m2/repository/javax/servlet/javax.servlet-api/4.0.1/javax.servlet-api-4.0.1.jar:/home/maheshrv/.m2/repository/org/springdoc/springdoc-openapi-ui/1.6.12/springdoc-openapi-ui-1.6.12.jar:/home/maheshrv/.m2/repository/org/springdoc/springdoc-openapi-webmvc-core/1.6.12/springdoc-openapi-webmvc-core-1.6.12.jar:/home/maheshrv/.m2/repository/org/springdoc/springdoc-openapi-common/1.6.12/springdoc-openapi-common-1.6.12.jar:/home/maheshrv/.m2/repository/io/swagger/core/v3/swagger-core/2.2.4/swagger-core-2.2.4.jar:/home/maheshrv/.m2/repository/io/swagger/core/v3/swagger-annotations/2.2.4/swagger-annotations-2.2.4.jar:/home/maheshrv/.m2/repository/io/swagger/core/v3/swagger-models/2.2.4/swagger-models-2.2.4.jar:/home/maheshrv/.m2/repository/org/webjars/swagger-ui/4.14.3/swagger-ui-4.14.3.jar:/home/maheshrv/.m2/repository/org/webjars/webjars-locator-core/0.55/webjars-locator-core-0.55.jar:/home/maheshrv/.m2/repository/io/github/classgraph/classgraph/4.8.149/classgraph-4.8.149.jar:/home/maheshrv/.m2/repository/org/projectlombok/lombok/1.18.30/lombok-1.18.30.jar:/home/maheshrv/.m2/repository/com/vladmihalcea/hibernate-types-60/2.16.2/hibernate-types-60-2.16.2.jar:/home/maheshrv/.m2/repository/com/fasterxml/jackson/module/jackson-module-jaxb-annotations/2.15.3/jackson-module-jaxb-annotations-2.15.3.jar:/home/maheshrv/.m2/repository/com/networknt/json-schema-validator/1.0.86/json-schema-validator-1.0.86.jar:/home/maheshrv/.m2/repository/com/ethlo/time/itu/1.7.0/itu-1.7.0.jar:/home/maheshrv/.m2/repository/com/fasterxml/jackson/dataformat/jackson-dataformat-yaml/2.15.3/jackson-dataformat-yaml-2.15.3.jar:/home/maheshrv/.m2/repository/com/auth0/java-jwt/4.4.0/java-jwt-4.4.0.jar:/home/maheshrv/.m2/repository/com/bazaarvoice/jolt/json-utils/0.1.1/json-utils-0.1.1.jar:/home/maheshrv/.m2/repository/com/bazaarvoice/jolt/jolt-core/0.1.1/jolt-core-0.1.1.jar:/home/maheshrv/.m2/repository/javax/inject/javax.inject/1/javax.inject-1.jar:/home/maheshrv/.m2/repository/org/apache/commons/commons-csv/1.9.0/commons-csv-1.9.0.jar:/home/maheshrv/.m2/repository/net/karmayogibharat/cloud-store-sdk_2.12/1.4.8/cloud-store-sdk_2.12-1.4.8.jar:/home/maheshrv/.m2/repository/com/google/guava/guava/31.1-jre/guava-31.1-jre.jar:/home/maheshrv/.m2/repository/com/google/guava/failureaccess/1.0.1/failureaccess-1.0.1.jar:/home/maheshrv/.m2/repository/com/google/guava/listenablefuture/9999.0-empty-to-avoid-conflict-with-guava/listenablefuture-9999.0-empty-to-avoid-conflict-with-guava.jar:/home/maheshrv/.m2/repository/com/google/errorprone/error_prone_annotations/2.11.0/error_prone_annotations-2.11.0.jar:/home/maheshrv/.m2/repository/com/google/j2objc/j2objc-annotations/1.3/j2objc-annotations-1.3.jar:/home/maheshrv/.m2/repository/javax/activation/activation/1.1.1/activation-1.1.1.jar:/home/maheshrv/.m2/repository/javax/xml/bind/jaxb-api/2.3.1/jaxb-api-2.3.1.jar:/home/maheshrv/.m2/repository/javax/activation/javax.activation-api/1.2.0/javax.activation-api-1.2.0.jar:/home/maheshrv/.m2/repository/org/apache/jclouds/jclouds-all/2.6.0/jclouds-all-2.6.0.jar:/home/maheshrv/.m2/repository/org/apache/jclouds/api/rackspace-cloudidentity/2.6.0/rackspace-cloudidentity-2.6.0.jar:/home/maheshrv/.m2/repository/org/apache/jclouds/api/openstack-keystone/2.6.0/openstack-keystone-2.6.0.jar:/home/maheshrv/.m2/repository/org/apache/jclouds/api/openstack-cinder/2.6.0/openstack-cinder-2.6.0.jar:/home/maheshrv/.m2/repository/org/apache/jclouds/jclouds-core/2.6.0/jclouds-core-2.6.0.jar:/home/maheshrv/.m2/repository/com/google/code/gson/gson/2.10.1/gson-2.10.1.jar:/home/maheshrv/.m2/repository/com/google/inject/guice/7.0.0/guice-7.0.0.jar:/home/maheshrv/.m2/repository/aopalliance/aopalliance/1.0/aopalliance-1.0.jar:/home/maheshrv/.m2/repository/com/google/inject/extensions/guice-assistedinject/7.0.0/guice-assistedinject-7.0.0.jar:/home/maheshrv/.m2/repository/jakarta/ws/rs/jakarta.ws.rs-api/3.1.0/jakarta.ws.rs-api-3.1.0.jar:/home/maheshrv/.m2/repository/com/sun/xml/bind/jaxb-impl/4.0.4/jaxb-impl-4.0.4.jar:/home/maheshrv/.m2/repository/com/sun/xml/bind/jaxb-core/4.0.4/jaxb-core-4.0.4.jar:/home/maheshrv/.m2/repository/org/apache/jclouds/api/rackspace-clouddns/2.6.0/rackspace-clouddns-2.6.0.jar:/home/maheshrv/.m2/repository/org/apache/jclouds/provider/aws-cloudwatch/2.6.0/aws-cloudwatch-2.6.0.jar:/home/maheshrv/.m2/repository/org/apache/jclouds/api/cloudwatch/2.6.0/cloudwatch-2.6.0.jar:/home/maheshrv/.m2/repository/org/apache/jclouds/provider/rackspace-cloudblockstorage-us/2.6.0/rackspace-cloudblockstorage-us-2.6.0.jar:/home/maheshrv/.m2/repository/org/apache/jclouds/provider/rackspace-cloudblockstorage-uk/2.6.0/rackspace-cloudblockstorage-uk-2.6.0.jar:/home/maheshrv/.m2/repository/org/apache/jclouds/provider/rackspace-clouddns-us/2.6.0/rackspace-clouddns-us-2.6.0.jar:/home/maheshrv/.m2/repository/org/apache/jclouds/provider/rackspace-clouddns-uk/2.6.0/rackspace-clouddns-uk-2.6.0.jar:/home/maheshrv/.m2/repository/org/apache/jclouds/provider/rackspace-clouddatabases-us/2.6.0/rackspace-clouddatabases-us-2.6.0.jar:/home/maheshrv/.m2/repository/org/apache/jclouds/api/openstack-trove/2.6.0/openstack-trove-2.6.0.jar:/home/maheshrv/.m2/repository/org/apache/jclouds/provider/rackspace-clouddatabases-uk/2.6.0/rackspace-clouddatabases-uk-2.6.0.jar:/home/maheshrv/.m2/repository/org/apache/jclouds/provider/aws-sqs/2.6.0/aws-sqs-2.6.0.jar:/home/maheshrv/.m2/repository/org/apache/jclouds/api/sqs/2.6.0/sqs-2.6.0.jar:/home/maheshrv/.m2/repository/org/apache/jclouds/provider/aws-sts/2.6.0/aws-sts-2.6.0.jar:/home/maheshrv/.m2/repository/org/apache/jclouds/api/sts/2.6.0/sts-2.6.0.jar:/home/maheshrv/.m2/repository/org/apache/jclouds/provider/aws-route53/2.6.0/aws-route53-2.6.0.jar:/home/maheshrv/.m2/repository/org/apache/jclouds/api/route53/2.6.0/route53-2.6.0.jar:/home/maheshrv/.m2/repository/org/apache/jclouds/provider/ultradns-ws/2.6.0/ultradns-ws-2.6.0.jar:/home/maheshrv/.m2/repository/org/apache/jclouds/provider/dynect/2.6.0/dynect-2.6.0.jar:/home/maheshrv/.m2/repository/org/apache/jclouds/api/chef/2.6.0/chef-2.6.0.jar:/home/maheshrv/.m2/repository/org/apache/jclouds/jclouds-scriptbuilder/2.6.0/jclouds-scriptbuilder-2.6.0.jar:/home/maheshrv/.m2/repository/org/apache/jclouds/jclouds-allloadbalancer/2.6.0/jclouds-allloadbalancer-2.6.0.jar:/home/maheshrv/.m2/repository/org/apache/jclouds/provider/rackspace-cloudloadbalancers-uk/2.6.0/rackspace-cloudloadbalancers-uk-2.6.0.jar:/home/maheshrv/.m2/repository/org/apache/jclouds/jclouds-loadbalancer/2.6.0/jclouds-loadbalancer-2.6.0.jar:/home/maheshrv/.m2/repository/org/apache/jclouds/api/rackspace-cloudloadbalancers/2.6.0/rackspace-cloudloadbalancers-2.6.0.jar:/home/maheshrv/.m2/repository/org/apache/jclouds/provider/rackspace-cloudloadbalancers-us/2.6.0/rackspace-cloudloadbalancers-us-2.6.0.jar:/home/maheshrv/.m2/repository/org/apache/jclouds/jclouds-allcompute/2.6.0/jclouds-allcompute-2.6.0.jar:/home/maheshrv/.m2/repository/org/apache/jclouds/provider/aws-ec2/2.6.0/aws-ec2-2.6.0.jar:/home/maheshrv/.m2/repository/org/apache/jclouds/api/openstack-nova/2.6.0/openstack-nova-2.6.0.jar:/home/maheshrv/.m2/repository/org/apache/jclouds/api/openstack-neutron/2.6.0/openstack-neutron-2.6.0.jar:/home/maheshrv/.m2/repository/org/apache/jclouds/jclouds-compute/2.6.0/jclouds-compute-2.6.0.jar:/home/maheshrv/.m2/repository/org/apache/jclouds/api/openstack-nova-ec2/2.6.0/openstack-nova-ec2-2.6.0.jar:/home/maheshrv/.m2/repository/org/apache/jclouds/api/byon/2.6.0/byon-2.6.0.jar:/home/maheshrv/.m2/repository/org/apache/jclouds/api/ec2/2.6.0/ec2-2.6.0.jar:/home/maheshrv/.m2/repository/org/apache/jclouds/provider/gogrid/2.6.0/gogrid-2.6.0.jar:/home/maheshrv/.m2/repository/org/apache/jclouds/api/elasticstack/2.6.0/elasticstack-2.6.0.jar:/home/maheshrv/.m2/repository/org/apache/jclouds/provider/elastichosts-lon-p/2.6.0/elastichosts-lon-p-2.6.0.jar:/home/maheshrv/.m2/repository/org/apache/jclouds/provider/elastichosts-sat-p/2.6.0/elastichosts-sat-p-2.6.0.jar:/home/maheshrv/.m2/repository/org/apache/jclouds/provider/elastichosts-lon-b/2.6.0/elastichosts-lon-b-2.6.0.jar:/home/maheshrv/.m2/repository/org/apache/jclouds/provider/openhosting-east1/2.6.0/openhosting-east1-2.6.0.jar:/home/maheshrv/.m2/repository/org/apache/jclouds/provider/serverlove-z1-man/2.6.0/serverlove-z1-man-2.6.0.jar:/home/maheshrv/.m2/repository/org/apache/jclouds/provider/skalicloud-sdg-my/2.6.0/skalicloud-sdg-my-2.6.0.jar:/home/maheshrv/.m2/repository/org/apache/jclouds/provider/go2cloud-jhb1/2.6.0/go2cloud-jhb1-2.6.0.jar:/home/maheshrv/.m2/repository/org/apache/jclouds/provider/softlayer/2.6.0/softlayer-2.6.0.jar:/home/maheshrv/.m2/repository/org/apache/jclouds/api/cloudstack/2.6.0/cloudstack-2.6.0.jar:/home/maheshrv/.m2/repository/org/apache/jclouds/provider/rackspace-cloudservers-us/2.6.0/rackspace-cloudservers-us-2.6.0.jar:/home/maheshrv/.m2/repository/org/apache/jclouds/provider/rackspace-cloudservers-uk/2.6.0/rackspace-cloudservers-uk-2.6.0.jar:/home/maheshrv/.m2/repository/org/apache/jclouds/provider/google-compute-engine/2.6.0/google-compute-engine-2.6.0.jar:/home/maheshrv/.m2/repository/org/apache/jclouds/driver/jclouds-bouncycastle/2.6.0/jclouds-bouncycastle-2.6.0.jar:/home/maheshrv/.m2/repository/org/bouncycastle/bcprov-ext-jdk18on/1.74/bcprov-ext-jdk18on-1.74.jar:/home/maheshrv/.m2/repository/org/apache/jclouds/common/googlecloud/2.6.0/googlecloud-2.6.0.jar:/home/maheshrv/.m2/repository/org/apache/jclouds/provider/digitalocean2/2.6.0/digitalocean2-2.6.0.jar:/home/maheshrv/.m2/repository/org/apache/jclouds/api/oauth/2.6.0/oauth-2.6.0.jar:/home/maheshrv/.m2/repository/org/apache/jclouds/provider/profitbricks/2.6.0/profitbricks-2.6.0.jar:/home/maheshrv/.m2/repository/org/apache/jclouds/api/docker/2.6.0/docker-2.6.0.jar:/home/maheshrv/.m2/repository/org/apache/jclouds/driver/jclouds-sshj/2.6.0/jclouds-sshj-2.6.0.jar:/home/maheshrv/.m2/repository/org/apache/jclouds/driver/jclouds-slf4j/2.6.0/jclouds-slf4j-2.6.0.jar:/home/maheshrv/.m2/repository/com/hierynomus/sshj/0.27.0/sshj-0.27.0.jar:/home/maheshrv/.m2/repository/com/jcraft/jzlib/1.1.3/jzlib-1.1.3.jar:/home/maheshrv/.m2/repository/net/i2p/crypto/eddsa/0.2.0/eddsa-0.2.0.jar:/home/maheshrv/.m2/repository/com/jcraft/jsch.agentproxy.sshj/0.0.9/jsch.agentproxy.sshj-0.0.9.jar:/home/maheshrv/.m2/repository/com/jcraft/jsch.agentproxy.core/0.0.9/jsch.agentproxy.core-0.0.9.jar:/home/maheshrv/.m2/repository/com/jcraft/jsch.agentproxy.connector-factory/0.0.9/jsch.agentproxy.connector-factory-0.0.9.jar:/home/maheshrv/.m2/repository/com/jcraft/jsch.agentproxy.usocket-jna/0.0.9/jsch.agentproxy.usocket-jna-0.0.9.jar:/home/maheshrv/.m2/repository/net/java/dev/jna/jna/4.1.0/jna-4.1.0.jar:/home/maheshrv/.m2/repository/net/java/dev/jna/jna-platform/4.1.0/jna-platform-4.1.0.jar:/home/maheshrv/.m2/repository/com/jcraft/jsch.agentproxy.usocket-nc/0.0.9/jsch.agentproxy.usocket-nc-0.0.9.jar:/home/maheshrv/.m2/repository/com/jcraft/jsch.agentproxy.sshagent/0.0.9/jsch.agentproxy.sshagent-0.0.9.jar:/home/maheshrv/.m2/repository/com/jcraft/jsch.agentproxy.pageant/0.0.9/jsch.agentproxy.pageant-0.0.9.jar:/home/maheshrv/.m2/repository/org/apache/jclouds/driver/jclouds-okhttp/2.6.0/jclouds-okhttp-2.6.0.jar:/home/maheshrv/.m2/repository/com/squareup/okhttp3/okhttp/4.12.0/okhttp-4.12.0.jar:/home/maheshrv/.m2/repository/org/jetbrains/kotlin/kotlin-stdlib-jdk8/1.9.20/kotlin-stdlib-jdk8-1.9.20.jar:/home/maheshrv/.m2/repository/org/jetbrains/kotlin/kotlin-stdlib/1.9.20/kotlin-stdlib-1.9.20.jar:/home/maheshrv/.m2/repository/org/jetbrains/annotations/13.0/annotations-13.0.jar:/home/maheshrv/.m2/repository/org/jetbrains/kotlin/kotlin-stdlib-jdk7/1.9.20/kotlin-stdlib-jdk7-1.9.20.jar:/home/maheshrv/.m2/repository/com/squareup/okio/okio/3.4.0/okio-3.4.0.jar:/home/maheshrv/.m2/repository/com/squareup/okio/okio-jvm/3.4.0/okio-jvm-3.4.0.jar:/home/maheshrv/.m2/repository/org/jetbrains/kotlin/kotlin-stdlib-common/1.9.20/kotlin-stdlib-common-1.9.20.jar:/home/maheshrv/.m2/repository/org/apache/jclouds/provider/packet/2.6.0/packet-2.6.0.jar:/home/maheshrv/.m2/repository/org/apache/jclouds/provider/azurecompute-arm/2.6.0/azurecompute-arm-2.6.0.jar:/home/maheshrv/.m2/repository/org/apache/jclouds/jclouds-allblobstore/2.6.0/jclouds-allblobstore-2.6.0.jar:/home/maheshrv/.m2/repository/org/apache/jclouds/api/s3/2.6.0/s3-2.6.0.jar:/home/maheshrv/.m2/repository/org/apache/jclouds/jclouds-blobstore/2.6.0/jclouds-blobstore-2.6.0.jar:/home/maheshrv/.m2/repository/org/apache/jclouds/provider/aws-s3/2.6.0/aws-s3-2.6.0.jar:/home/maheshrv/.m2/repository/org/apache/jclouds/provider/azureblob/2.6.0/azureblob-2.6.0.jar:/home/maheshrv/.m2/repository/org/apache/jclouds/api/atmos/2.6.0/atmos-2.6.0.jar:/home/maheshrv/.m2/repository/org/apache/jclouds/provider/b2/2.6.0/b2-2.6.0.jar:/home/maheshrv/.m2/repository/org/apache/jclouds/api/glacier/2.6.0/glacier-2.6.0.jar:/home/maheshrv/.m2/repository/org/apache/jclouds/provider/google-cloud-storage/2.6.0/google-cloud-storage-2.6.0.jar:/home/maheshrv/.m2/repository/org/apache/jclouds/api/openstack-swift/2.6.0/openstack-swift-2.6.0.jar:/home/maheshrv/.m2/repository/org/apache/jclouds/provider/rackspace-cloudfiles-us/2.6.0/rackspace-cloudfiles-us-2.6.0.jar:/home/maheshrv/.m2/repository/org/apache/jclouds/api/rackspace-cloudfiles/2.6.0/rackspace-cloudfiles-2.6.0.jar:/home/maheshrv/.m2/repository/org/apache/jclouds/provider/rackspace-cloudfiles-uk/2.6.0/rackspace-cloudfiles-uk-2.6.0.jar:/home/maheshrv/.m2/repository/com/microsoft/azure/azure-storage/8.4.0/azure-storage-8.4.0.jar:/home/maheshrv/.m2/repository/org/apache/commons/commons-lang3/3.13.0/commons-lang3-3.13.0.jar:/home/maheshrv/.m2/repository/com/microsoft/azure/azure-keyvault-core/1.0.0/azure-keyvault-core-1.0.0.jar:/home/maheshrv/.m2/repository/org/apache/hadoop/hadoop-azure/3.4.0/hadoop-azure-3.4.0.jar:/home/maheshrv/.m2/repository/org/apache/hadoop/thirdparty/hadoop-shaded-guava/1.2.0/hadoop-shaded-guava-1.2.0.jar:/home/maheshrv/.m2/repository/org/eclipse/jetty/jetty-util-ajax/12.0.3/jetty-util-ajax-12.0.3.jar:/home/maheshrv/.m2/repository/org/eclipse/jetty/jetty-util/12.0.3/jetty-util-12.0.3.jar:/home/maheshrv/.m2/repository/org/wildfly/openssl/wildfly-openssl/1.1.3.Final/wildfly-openssl-1.1.3.Final.jar:/home/maheshrv/.m2/repository/joda-time/joda-time/2.12.3/joda-time-2.12.3.jar:/home/maheshrv/.m2/repository/com/fasterxml/jackson/module/jackson-module-scala_2.12/2.15.3/jackson-module-scala_2.12-2.15.3.jar:/home/maheshrv/.m2/repository/org/scala-lang/scala-library/2.12.17/scala-library-2.12.17.jar:/home/maheshrv/.m2/repository/com/thoughtworks/paranamer/paranamer/2.8/paranamer-2.8.jar:/home/maheshrv/.m2/repository/org/apache/tika/tika-core/2.4.1/tika-core-2.4.1.jar:"/>
    <property name="java.vm.vendor" value="Ubuntu"/>
    <property name="sun.arch.data.model" value="64"/>
    <property name="java.vendor.url" value="https://ubuntu.com/"/>
    <property name="user.timezone" value="Asia/Kolkata"/>
    <property name="os.name" value="Linux"/>
    <property name="java.vm.specification.version" value="17"/>
    <property name="sun.java.launcher" value="SUN_STANDARD"/>
    <property name="user.country" value="IN"/>
    <property name="sun.boot.library.path" value="/usr/lib/jvm/java-17-openjdk-amd64/lib"/>
    <property name="sun.java.command" value="/home/maheshrv/Documents/IGOT/sourcecodes-igot/cb-discussion-service/target/surefire/surefirebooter-20250814121312221_3.jar /home/maheshrv/Documents/IGOT/sourcecodes-igot/cb-discussion-service/target/surefire 2025-08-14T12-13-12_140-jvmRun1 surefire-20250814121312221_1tmp surefire_0-20250814121312221_2tmp"/>
    <property name="jdk.debug" value="release"/>
    <property name="surefire.test.class.path" value="/home/maheshrv/Documents/IGOT/sourcecodes-igot/cb-discussion-service/target/test-classes:/home/maheshrv/Documents/IGOT/sourcecodes-igot/cb-discussion-service/target/classes:/home/maheshrv/.m2/repository/org/springframework/boot/spring-boot-starter-web/3.2.0/spring-boot-starter-web-3.2.0.jar:/home/maheshrv/.m2/repository/org/springframework/boot/spring-boot-starter/3.2.0/spring-boot-starter-3.2.0.jar:/home/maheshrv/.m2/repository/org/springframework/boot/spring-boot/3.2.0/spring-boot-3.2.0.jar:/home/maheshrv/.m2/repository/org/springframework/boot/spring-boot-autoconfigure/3.2.0/spring-boot-autoconfigure-3.2.0.jar:/home/maheshrv/.m2/repository/jakarta/annotation/jakarta.annotation-api/2.1.1/jakarta.annotation-api-2.1.1.jar:/home/maheshrv/.m2/repository/org/yaml/snakeyaml/2.2/snakeyaml-2.2.jar:/home/maheshrv/.m2/repository/org/springframework/boot/spring-boot-starter-json/3.2.0/spring-boot-starter-json-3.2.0.jar:/home/maheshrv/.m2/repository/com/fasterxml/jackson/datatype/jackson-datatype-jdk8/2.15.3/jackson-datatype-jdk8-2.15.3.jar:/home/maheshrv/.m2/repository/com/fasterxml/jackson/datatype/jackson-datatype-jsr310/2.15.3/jackson-datatype-jsr310-2.15.3.jar:/home/maheshrv/.m2/repository/com/fasterxml/jackson/module/jackson-module-parameter-names/2.15.3/jackson-module-parameter-names-2.15.3.jar:/home/maheshrv/.m2/repository/org/springframework/boot/spring-boot-starter-tomcat/3.2.0/spring-boot-starter-tomcat-3.2.0.jar:/home/maheshrv/.m2/repository/org/apache/tomcat/embed/tomcat-embed-core/10.1.16/tomcat-embed-core-10.1.16.jar:/home/maheshrv/.m2/repository/org/apache/tomcat/embed/tomcat-embed-el/10.1.16/tomcat-embed-el-10.1.16.jar:/home/maheshrv/.m2/repository/org/apache/tomcat/embed/tomcat-embed-websocket/10.1.16/tomcat-embed-websocket-10.1.16.jar:/home/maheshrv/.m2/repository/org/springframework/spring-web/6.1.1/spring-web-6.1.1.jar:/home/maheshrv/.m2/repository/org/springframework/spring-webmvc/6.1.1/spring-webmvc-6.1.1.jar:/home/maheshrv/.m2/repository/org/apache/httpcomponents/client5/httpclient5/5.2.1/httpclient5-5.2.1.jar:/home/maheshrv/.m2/repository/org/apache/httpcomponents/core5/httpcore5/5.2.3/httpcore5-5.2.3.jar:/home/maheshrv/.m2/repository/org/apache/httpcomponents/core5/httpcore5-h2/5.2.3/httpcore5-h2-5.2.3.jar:/home/maheshrv/.m2/repository/org/slf4j/slf4j-api/2.0.9/slf4j-api-2.0.9.jar:/home/maheshrv/.m2/repository/org/springframework/data/spring-data-redis/3.2.0/spring-data-redis-3.2.0.jar:/home/maheshrv/.m2/repository/org/springframework/data/spring-data-keyvalue/3.2.0/spring-data-keyvalue-3.2.0.jar:/home/maheshrv/.m2/repository/org/springframework/spring-tx/6.1.1/spring-tx-6.1.1.jar:/home/maheshrv/.m2/repository/org/springframework/spring-oxm/6.1.1/spring-oxm-6.1.1.jar:/home/maheshrv/.m2/repository/org/springframework/spring-aop/6.1.1/spring-aop-6.1.1.jar:/home/maheshrv/.m2/repository/org/springframework/spring-context-support/6.1.1/spring-context-support-6.1.1.jar:/home/maheshrv/.m2/repository/org/apache/commons/commons-pool2/2.12.0/commons-pool2-2.12.0.jar:/home/maheshrv/.m2/repository/org/springframework/boot/spring-boot-configuration-processor/3.2.0/spring-boot-configuration-processor-3.2.0.jar:/home/maheshrv/.m2/repository/org/springframework/boot/spring-boot-starter-aop/3.2.0/spring-boot-starter-aop-3.2.0.jar:/home/maheshrv/.m2/repository/org/aspectj/aspectjweaver/1.9.20.1/aspectjweaver-1.9.20.1.jar:/home/maheshrv/.m2/repository/org/apache/httpcomponents/httpmime/4.5.13/httpmime-4.5.13.jar:/home/maheshrv/.m2/repository/org/apache/httpcomponents/httpclient/4.5.13/httpclient-4.5.13.jar:/home/maheshrv/.m2/repository/org/apache/httpcomponents/httpcore/4.4.16/httpcore-4.4.16.jar:/home/maheshrv/.m2/repository/org/springframework/boot/spring-boot-starter-log4j2/3.2.0/spring-boot-starter-log4j2-3.2.0.jar:/home/maheshrv/.m2/repository/org/apache/logging/log4j/log4j-slf4j2-impl/2.21.1/log4j-slf4j2-impl-2.21.1.jar:/home/maheshrv/.m2/repository/org/apache/logging/log4j/log4j-core/2.21.1/log4j-core-2.21.1.jar:/home/maheshrv/.m2/repository/org/apache/logging/log4j/log4j-jul/2.21.1/log4j-jul-2.21.1.jar:/home/maheshrv/.m2/repository/org/springframework/boot/spring-boot-starter-test/3.2.0/spring-boot-starter-test-3.2.0.jar:/home/maheshrv/.m2/repository/org/springframework/boot/spring-boot-test/3.2.0/spring-boot-test-3.2.0.jar:/home/maheshrv/.m2/repository/org/springframework/boot/spring-boot-test-autoconfigure/3.2.0/spring-boot-test-autoconfigure-3.2.0.jar:/home/maheshrv/.m2/repository/com/jayway/jsonpath/json-path/2.8.0/json-path-2.8.0.jar:/home/maheshrv/.m2/repository/jakarta/xml/bind/jakarta.xml.bind-api/4.0.1/jakarta.xml.bind-api-4.0.1.jar:/home/maheshrv/.m2/repository/jakarta/activation/jakarta.activation-api/2.1.2/jakarta.activation-api-2.1.2.jar:/home/maheshrv/.m2/repository/net/minidev/json-smart/2.5.0/json-smart-2.5.0.jar:/home/maheshrv/.m2/repository/net/minidev/accessors-smart/2.5.0/accessors-smart-2.5.0.jar:/home/maheshrv/.m2/repository/org/ow2/asm/asm/9.3/asm-9.3.jar:/home/maheshrv/.m2/repository/org/assertj/assertj-core/3.24.2/assertj-core-3.24.2.jar:/home/maheshrv/.m2/repository/org/awaitility/awaitility/4.2.0/awaitility-4.2.0.jar:/home/maheshrv/.m2/repository/org/hamcrest/hamcrest/2.2/hamcrest-2.2.jar:/home/maheshrv/.m2/repository/org/junit/jupiter/junit-jupiter/5.10.1/junit-jupiter-5.10.1.jar:/home/maheshrv/.m2/repository/org/junit/jupiter/junit-jupiter-api/5.10.1/junit-jupiter-api-5.10.1.jar:/home/maheshrv/.m2/repository/org/opentest4j/opentest4j/1.3.0/opentest4j-1.3.0.jar:/home/maheshrv/.m2/repository/org/junit/platform/junit-platform-commons/1.10.1/junit-platform-commons-1.10.1.jar:/home/maheshrv/.m2/repository/org/apiguardian/apiguardian-api/1.1.2/apiguardian-api-1.1.2.jar:/home/maheshrv/.m2/repository/org/junit/jupiter/junit-jupiter-params/5.10.1/junit-jupiter-params-5.10.1.jar:/home/maheshrv/.m2/repository/org/junit/jupiter/junit-jupiter-engine/5.10.1/junit-jupiter-engine-5.10.1.jar:/home/maheshrv/.m2/repository/org/junit/platform/junit-platform-engine/1.10.1/junit-platform-engine-1.10.1.jar:/home/maheshrv/.m2/repository/org/mockito/mockito-core/5.7.0/mockito-core-5.7.0.jar:/home/maheshrv/.m2/repository/net/bytebuddy/byte-buddy-agent/1.14.10/byte-buddy-agent-1.14.10.jar:/home/maheshrv/.m2/repository/org/objenesis/objenesis/3.3/objenesis-3.3.jar:/home/maheshrv/.m2/repository/org/mockito/mockito-junit-jupiter/5.7.0/mockito-junit-jupiter-5.7.0.jar:/home/maheshrv/.m2/repository/org/skyscreamer/jsonassert/1.5.1/jsonassert-1.5.1.jar:/home/maheshrv/.m2/repository/com/vaadin/external/google/android-json/0.0.20131108.vaadin1/android-json-0.0.20131108.vaadin1.jar:/home/maheshrv/.m2/repository/org/springframework/spring-core/6.1.1/spring-core-6.1.1.jar:/home/maheshrv/.m2/repository/org/springframework/spring-jcl/6.1.1/spring-jcl-6.1.1.jar:/home/maheshrv/.m2/repository/org/springframework/spring-test/6.1.1/spring-test-6.1.1.jar:/home/maheshrv/.m2/repository/org/xmlunit/xmlunit-core/2.9.1/xmlunit-core-2.9.1.jar:/home/maheshrv/.m2/repository/org/springframework/data/spring-data-cassandra/4.2.0/spring-data-cassandra-4.2.0.jar:/home/maheshrv/.m2/repository/org/springframework/spring-beans/6.1.1/spring-beans-6.1.1.jar:/home/maheshrv/.m2/repository/org/springframework/spring-context/6.1.1/spring-context-6.1.1.jar:/home/maheshrv/.m2/repository/org/springframework/spring-expression/6.1.1/spring-expression-6.1.1.jar:/home/maheshrv/.m2/repository/org/springframework/data/spring-data-commons/3.2.0/spring-data-commons-3.2.0.jar:/home/maheshrv/.m2/repository/org/sonarsource/scanner/maven/sonar-maven-plugin/3.8.0.2131/sonar-maven-plugin-3.8.0.2131.jar:/home/maheshrv/.m2/repository/org/sonatype/plexus/plexus-sec-dispatcher/1.4/plexus-sec-dispatcher-1.4.jar:/home/maheshrv/.m2/repository/org/sonatype/plexus/plexus-cipher/1.4/plexus-cipher-1.4.jar:/home/maheshrv/.m2/repository/org/codehaus/plexus/plexus-utils/3.2.1/plexus-utils-3.2.1.jar:/home/maheshrv/.m2/repository/org/sonarsource/scanner/api/sonar-scanner-api/2.16.0.226/sonar-scanner-api-2.16.0.226.jar:/home/maheshrv/.m2/repository/commons-lang/commons-lang/2.6/commons-lang-2.6.jar:/home/maheshrv/.m2/repository/co/elastic/clients/elasticsearch-java/8.10.4/elasticsearch-java-8.10.4.jar:/home/maheshrv/.m2/repository/org/elasticsearch/client/elasticsearch-rest-client/8.10.4/elasticsearch-rest-client-8.10.4.jar:/home/maheshrv/.m2/repository/org/apache/httpcomponents/httpasyncclient/4.1.5/httpasyncclient-4.1.5.jar:/home/maheshrv/.m2/repository/org/apache/httpcomponents/httpcore-nio/4.4.16/httpcore-nio-4.4.16.jar:/home/maheshrv/.m2/repository/com/google/code/findbugs/jsr305/3.0.2/jsr305-3.0.2.jar:/home/maheshrv/.m2/repository/jakarta/json/jakarta.json-api/2.1.3/jakarta.json-api-2.1.3.jar:/home/maheshrv/.m2/repository/org/eclipse/parsson/parsson/1.0.0/parsson-1.0.0.jar:/home/maheshrv/.m2/repository/io/opentelemetry/opentelemetry-api/1.31.0/opentelemetry-api-1.31.0.jar:/home/maheshrv/.m2/repository/io/opentelemetry/opentelemetry-context/1.31.0/opentelemetry-context-1.31.0.jar:/home/maheshrv/.m2/repository/org/springframework/kafka/spring-kafka/3.1.0/spring-kafka-3.1.0.jar:/home/maheshrv/.m2/repository/org/springframework/spring-messaging/6.1.1/spring-messaging-6.1.1.jar:/home/maheshrv/.m2/repository/org/springframework/retry/spring-retry/2.0.4/spring-retry-2.0.4.jar:/home/maheshrv/.m2/repository/org/apache/kafka/kafka-clients/2.8.1/kafka-clients-2.8.1.jar:/home/maheshrv/.m2/repository/com/github/luben/zstd-jni/1.4.9-1/zstd-jni-1.4.9-1.jar:/home/maheshrv/.m2/repository/org/lz4/lz4-java/1.7.1/lz4-java-1.7.1.jar:/home/maheshrv/.m2/repository/org/xerial/snappy/snappy-java/1.1.8.1/snappy-java-1.1.8.1.jar:/home/maheshrv/.m2/repository/io/micrometer/micrometer-observation/1.12.0/micrometer-observation-1.12.0.jar:/home/maheshrv/.m2/repository/io/micrometer/micrometer-commons/1.12.0/micrometer-commons-1.12.0.jar:/home/maheshrv/.m2/repository/com/googlecode/json-simple/json-simple/1.1.1/json-simple-1.1.1.jar:/home/maheshrv/.m2/repository/junit/junit/4.13.2/junit-4.13.2.jar:/home/maheshrv/.m2/repository/org/hamcrest/hamcrest-core/2.2/hamcrest-core-2.2.jar:/home/maheshrv/.m2/repository/org/apache/velocity/velocity/1.7/velocity-1.7.jar:/home/maheshrv/.m2/repository/commons-collections/commons-collections/3.2.1/commons-collections-3.2.1.jar:/home/maheshrv/.m2/repository/org/apache/velocity/velocity-tools/2.0/velocity-tools-2.0.jar:/home/maheshrv/.m2/repository/commons-beanutils/commons-beanutils/1.7.0/commons-beanutils-1.7.0.jar:/home/maheshrv/.m2/repository/commons-digester/commons-digester/1.8/commons-digester-1.8.jar:/home/maheshrv/.m2/repository/commons-chain/commons-chain/1.1/commons-chain-1.1.jar:/home/maheshrv/.m2/repository/commons-logging/commons-logging/1.1/commons-logging-1.1.jar:/home/maheshrv/.m2/repository/javax/servlet/servlet-api/2.3/servlet-api-2.3.jar:/home/maheshrv/.m2/repository/commons-validator/commons-validator/1.3.1/commons-validator-1.3.1.jar:/home/maheshrv/.m2/repository/dom4j/dom4j/1.1/dom4j-1.1.jar:/home/maheshrv/.m2/repository/oro/oro/2.0.8/oro-2.0.8.jar:/home/maheshrv/.m2/repository/sslext/sslext/1.2-0/sslext-1.2-0.jar:/home/maheshrv/.m2/repository/org/apache/struts/struts-core/1.3.8/struts-core-1.3.8.jar:/home/maheshrv/.m2/repository/antlr/antlr/2.7.2/antlr-2.7.2.jar:/home/maheshrv/.m2/repository/org/apache/struts/struts-taglib/1.3.8/struts-taglib-1.3.8.jar:/home/maheshrv/.m2/repository/org/apache/struts/struts-tiles/1.3.8/struts-tiles-1.3.8.jar:/home/maheshrv/.m2/repository/org/keycloak/keycloak-common/18.0.0/keycloak-common-18.0.0.jar:/home/maheshrv/.m2/repository/org/bouncycastle/bcprov-jdk15on/1.68/bcprov-jdk15on-1.68.jar:/home/maheshrv/.m2/repository/org/bouncycastle/bcpkix-jdk15on/1.68/bcpkix-jdk15on-1.68.jar:/home/maheshrv/.m2/repository/com/sun/activation/jakarta.activation/1.2.2/jakarta.activation-1.2.2.jar:/home/maheshrv/.m2/repository/org/keycloak/keycloak-admin-client/18.0.0/keycloak-admin-client-18.0.0.jar:/home/maheshrv/.m2/repository/org/keycloak/keycloak-core/18.0.0/keycloak-core-18.0.0.jar:/home/maheshrv/.m2/repository/org/jboss/resteasy/resteasy-client/3.13.2.Final/resteasy-client-3.13.2.Final.jar:/home/maheshrv/.m2/repository/org/jboss/spec/javax/ws/rs/jboss-jaxrs-api_2.1_spec/2.0.1.Final/jboss-jaxrs-api_2.1_spec-2.0.1.Final.jar:/home/maheshrv/.m2/repository/org/jboss/resteasy/resteasy-jaxrs/3.13.2.Final/resteasy-jaxrs-3.13.2.Final.jar:/home/maheshrv/.m2/repository/jakarta/validation/jakarta.validation-api/3.0.2/jakarta.validation-api-3.0.2.jar:/home/maheshrv/.m2/repository/org/jboss/spec/javax/annotation/jboss-annotations-api_1.3_spec/2.0.1.Final/jboss-annotations-api_1.3_spec-2.0.1.Final.jar:/home/maheshrv/.m2/repository/org/jboss/resteasy/resteasy-multipart-provider/3.13.2.Final/resteasy-multipart-provider-3.13.2.Final.jar:/home/maheshrv/.m2/repository/com/sun/mail/jakarta.mail/1.6.5/jakarta.mail-1.6.5.jar:/home/maheshrv/.m2/repository/org/apache/james/apache-mime4j/0.6/apache-mime4j-0.6.jar:/home/maheshrv/.m2/repository/org/jboss/resteasy/resteasy-jackson2-provider/3.13.2.Final/resteasy-jackson2-provider-3.13.2.Final.jar:/home/maheshrv/.m2/repository/com/fasterxml/jackson/core/jackson-annotations/2.15.3/jackson-annotations-2.15.3.jar:/home/maheshrv/.m2/repository/com/fasterxml/jackson/jaxrs/jackson-jaxrs-json-provider/2.15.3/jackson-jaxrs-json-provider-2.15.3.jar:/home/maheshrv/.m2/repository/com/fasterxml/jackson/jaxrs/jackson-jaxrs-base/2.15.3/jackson-jaxrs-base-2.15.3.jar:/home/maheshrv/.m2/repository/com/github/fge/json-patch/1.9/json-patch-1.9.jar:/home/maheshrv/.m2/repository/com/github/fge/jackson-coreutils/1.6/jackson-coreutils-1.6.jar:/home/maheshrv/.m2/repository/com/github/fge/msg-simple/1.1/msg-simple-1.1.jar:/home/maheshrv/.m2/repository/com/github/fge/btf/1.2/btf-1.2.jar:/home/maheshrv/.m2/repository/org/jboss/resteasy/resteasy-jaxb-provider/3.13.2.Final/resteasy-jaxb-provider-3.13.2.Final.jar:/home/maheshrv/.m2/repository/org/jboss/spec/javax/xml/bind/jboss-jaxb-api_2.3_spec/2.0.0.Final/jboss-jaxb-api_2.3_spec-2.0.0.Final.jar:/home/maheshrv/.m2/repository/org/apache/poi/poi/5.2.3/poi-5.2.3.jar:/home/maheshrv/.m2/repository/commons-codec/commons-codec/1.16.0/commons-codec-1.16.0.jar:/home/maheshrv/.m2/repository/org/apache/commons/commons-collections4/4.4/commons-collections4-4.4.jar:/home/maheshrv/.m2/repository/org/apache/commons/commons-math3/3.6.1/commons-math3-3.6.1.jar:/home/maheshrv/.m2/repository/commons-io/commons-io/2.11.0/commons-io-2.11.0.jar:/home/maheshrv/.m2/repository/com/zaxxer/SparseBitSet/1.2/SparseBitSet-1.2.jar:/home/maheshrv/.m2/repository/org/apache/logging/log4j/log4j-api/2.21.1/log4j-api-2.21.1.jar:/home/maheshrv/.m2/repository/org/apache/poi/poi-ooxml/5.2.1/poi-ooxml-5.2.1.jar:/home/maheshrv/.m2/repository/org/apache/poi/poi-ooxml-lite/5.2.1/poi-ooxml-lite-5.2.1.jar:/home/maheshrv/.m2/repository/org/apache/xmlbeans/xmlbeans/5.0.3/xmlbeans-5.0.3.jar:/home/maheshrv/.m2/repository/org/apache/commons/commons-compress/1.21/commons-compress-1.21.jar:/home/maheshrv/.m2/repository/com/github/virtuald/curvesapi/1.07/curvesapi-1.07.jar:/home/maheshrv/.m2/repository/io/lettuce/lettuce-core/6.3.1.RELEASE/lettuce-core-6.3.1.RELEASE.jar:/home/maheshrv/.m2/repository/io/netty/netty-common/4.1.101.Final/netty-common-4.1.101.Final.jar:/home/maheshrv/.m2/repository/io/netty/netty-handler/4.1.101.Final/netty-handler-4.1.101.Final.jar:/home/maheshrv/.m2/repository/io/netty/netty-resolver/4.1.101.Final/netty-resolver-4.1.101.Final.jar:/home/maheshrv/.m2/repository/io/netty/netty-buffer/4.1.101.Final/netty-buffer-4.1.101.Final.jar:/home/maheshrv/.m2/repository/io/netty/netty-transport-native-unix-common/4.1.101.Final/netty-transport-native-unix-common-4.1.101.Final.jar:/home/maheshrv/.m2/repository/io/netty/netty-codec/4.1.101.Final/netty-codec-4.1.101.Final.jar:/home/maheshrv/.m2/repository/io/netty/netty-transport/4.1.101.Final/netty-transport-4.1.101.Final.jar:/home/maheshrv/.m2/repository/io/projectreactor/reactor-core/3.6.0/reactor-core-3.6.0.jar:/home/maheshrv/.m2/repository/org/springframework/boot/spring-boot-starter-data-jpa/3.2.0/spring-boot-starter-data-jpa-3.2.0.jar:/home/maheshrv/.m2/repository/org/springframework/boot/spring-boot-starter-jdbc/3.2.0/spring-boot-starter-jdbc-3.2.0.jar:/home/maheshrv/.m2/repository/com/zaxxer/HikariCP/5.0.1/HikariCP-5.0.1.jar:/home/maheshrv/.m2/repository/org/springframework/spring-jdbc/6.1.1/spring-jdbc-6.1.1.jar:/home/maheshrv/.m2/repository/org/springframework/data/spring-data-jpa/3.2.0/spring-data-jpa-3.2.0.jar:/home/maheshrv/.m2/repository/org/springframework/spring-orm/6.1.1/spring-orm-6.1.1.jar:/home/maheshrv/.m2/repository/org/springframework/spring-aspects/6.1.1/spring-aspects-6.1.1.jar:/home/maheshrv/.m2/repository/org/postgresql/postgresql/42.6.0/postgresql-42.6.0.jar:/home/maheshrv/.m2/repository/org/checkerframework/checker-qual/3.31.0/checker-qual-3.31.0.jar:/home/maheshrv/.m2/repository/org/hibernate/orm/hibernate-core/6.3.1.Final/hibernate-core-6.3.1.Final.jar:/home/maheshrv/.m2/repository/jakarta/persistence/jakarta.persistence-api/3.1.0/jakarta.persistence-api-3.1.0.jar:/home/maheshrv/.m2/repository/jakarta/transaction/jakarta.transaction-api/2.0.1/jakarta.transaction-api-2.0.1.jar:/home/maheshrv/.m2/repository/org/jboss/logging/jboss-logging/3.5.3.Final/jboss-logging-3.5.3.Final.jar:/home/maheshrv/.m2/repository/org/hibernate/common/hibernate-commons-annotations/6.0.6.Final/hibernate-commons-annotations-6.0.6.Final.jar:/home/maheshrv/.m2/repository/io/smallrye/jandex/3.1.2/jandex-3.1.2.jar:/home/maheshrv/.m2/repository/com/fasterxml/classmate/1.6.0/classmate-1.6.0.jar:/home/maheshrv/.m2/repository/net/bytebuddy/byte-buddy/1.14.10/byte-buddy-1.14.10.jar:/home/maheshrv/.m2/repository/org/glassfish/jaxb/jaxb-runtime/4.0.4/jaxb-runtime-4.0.4.jar:/home/maheshrv/.m2/repository/org/glassfish/jaxb/jaxb-core/4.0.4/jaxb-core-4.0.4.jar:/home/maheshrv/.m2/repository/org/eclipse/angus/angus-activation/2.0.1/angus-activation-2.0.1.jar:/home/maheshrv/.m2/repository/org/glassfish/jaxb/txw2/4.0.4/txw2-4.0.4.jar:/home/maheshrv/.m2/repository/com/sun/istack/istack-commons-runtime/4.1.2/istack-commons-runtime-4.1.2.jar:/home/maheshrv/.m2/repository/jakarta/inject/jakarta.inject-api/2.0.1/jakarta.inject-api-2.0.1.jar:/home/maheshrv/.m2/repository/org/antlr/antlr4-runtime/4.10.1/antlr4-runtime-4.10.1.jar:/home/maheshrv/.m2/repository/com/github/erosb/everit-json-schema/1.14.2/everit-json-schema-1.14.2.jar:/home/maheshrv/.m2/repository/org/json/json/20230227/json-20230227.jar:/home/maheshrv/.m2/repository/com/damnhandy/handy-uri-templates/2.1.8/handy-uri-templates-2.1.8.jar:/home/maheshrv/.m2/repository/com/google/re2j/re2j/1.6/re2j-1.6.jar:/home/maheshrv/.m2/repository/net/lingala/zip4j/zip4j/2.11.5/zip4j-2.11.5.jar:/home/maheshrv/.m2/repository/io/jsonwebtoken/jjwt/0.9.1/jjwt-0.9.1.jar:/home/maheshrv/.m2/repository/com/fasterxml/jackson/core/jackson-databind/2.15.3/jackson-databind-2.15.3.jar:/home/maheshrv/.m2/repository/com/datastax/oss/java-driver-core/4.15.0/java-driver-core-4.15.0.jar:/home/maheshrv/.m2/repository/com/datastax/oss/native-protocol/1.5.1/native-protocol-1.5.1.jar:/home/maheshrv/.m2/repository/com/datastax/oss/java-driver-shaded-guava/25.1-jre-graal-sub-1/java-driver-shaded-guava-25.1-jre-graal-sub-1.jar:/home/maheshrv/.m2/repository/com/github/jnr/jnr-posix/3.1.15/jnr-posix-3.1.15.jar:/home/maheshrv/.m2/repository/com/github/jnr/jnr-ffi/2.2.11/jnr-ffi-2.2.11.jar:/home/maheshrv/.m2/repository/com/github/jnr/jffi/1.3.9/jffi-1.3.9.jar:/home/maheshrv/.m2/repository/com/github/jnr/jffi/1.3.9/jffi-1.3.9-native.jar:/home/maheshrv/.m2/repository/org/ow2/asm/asm-commons/9.2/asm-commons-9.2.jar:/home/maheshrv/.m2/repository/org/ow2/asm/asm-analysis/9.2/asm-analysis-9.2.jar:/home/maheshrv/.m2/repository/org/ow2/asm/asm-tree/9.2/asm-tree-9.2.jar:/home/maheshrv/.m2/repository/org/ow2/asm/asm-util/9.2/asm-util-9.2.jar:/home/maheshrv/.m2/repository/com/github/jnr/jnr-a64asm/1.0.0/jnr-a64asm-1.0.0.jar:/home/maheshrv/.m2/repository/com/github/jnr/jnr-x86asm/1.0.2/jnr-x86asm-1.0.2.jar:/home/maheshrv/.m2/repository/com/github/jnr/jnr-constants/0.10.3/jnr-constants-0.10.3.jar:/home/maheshrv/.m2/repository/io/dropwizard/metrics/metrics-core/4.2.22/metrics-core-4.2.22.jar:/home/maheshrv/.m2/repository/org/hdrhistogram/HdrHistogram/2.1.12/HdrHistogram-2.1.12.jar:/home/maheshrv/.m2/repository/com/fasterxml/jackson/core/jackson-core/2.15.3/jackson-core-2.15.3.jar:/home/maheshrv/.m2/repository/org/reactivestreams/reactive-streams/1.0.4/reactive-streams-1.0.4.jar:/home/maheshrv/.m2/repository/com/github/stephenc/jcip/jcip-annotations/1.0-1/jcip-annotations-1.0-1.jar:/home/maheshrv/.m2/repository/com/github/spotbugs/spotbugs-annotations/4.7.3/spotbugs-annotations-4.7.3.jar:/home/maheshrv/.m2/repository/com/datastax/oss/java-driver-query-builder/4.0.0/java-driver-query-builder-4.0.0.jar:/home/maheshrv/.m2/repository/com/codahale/metrics/metrics-core/3.0.2/metrics-core-3.0.2.jar:/home/maheshrv/.m2/repository/com/typesafe/config/1.4.2/config-1.4.2.jar:/home/maheshrv/.m2/repository/javax/servlet/javax.servlet-api/4.0.1/javax.servlet-api-4.0.1.jar:/home/maheshrv/.m2/repository/org/springdoc/springdoc-openapi-ui/1.6.12/springdoc-openapi-ui-1.6.12.jar:/home/maheshrv/.m2/repository/org/springdoc/springdoc-openapi-webmvc-core/1.6.12/springdoc-openapi-webmvc-core-1.6.12.jar:/home/maheshrv/.m2/repository/org/springdoc/springdoc-openapi-common/1.6.12/springdoc-openapi-common-1.6.12.jar:/home/maheshrv/.m2/repository/io/swagger/core/v3/swagger-core/2.2.4/swagger-core-2.2.4.jar:/home/maheshrv/.m2/repository/io/swagger/core/v3/swagger-annotations/2.2.4/swagger-annotations-2.2.4.jar:/home/maheshrv/.m2/repository/io/swagger/core/v3/swagger-models/2.2.4/swagger-models-2.2.4.jar:/home/maheshrv/.m2/repository/org/webjars/swagger-ui/4.14.3/swagger-ui-4.14.3.jar:/home/maheshrv/.m2/repository/org/webjars/webjars-locator-core/0.55/webjars-locator-core-0.55.jar:/home/maheshrv/.m2/repository/io/github/classgraph/classgraph/4.8.149/classgraph-4.8.149.jar:/home/maheshrv/.m2/repository/org/projectlombok/lombok/1.18.30/lombok-1.18.30.jar:/home/maheshrv/.m2/repository/com/vladmihalcea/hibernate-types-60/2.16.2/hibernate-types-60-2.16.2.jar:/home/maheshrv/.m2/repository/com/fasterxml/jackson/module/jackson-module-jaxb-annotations/2.15.3/jackson-module-jaxb-annotations-2.15.3.jar:/home/maheshrv/.m2/repository/com/networknt/json-schema-validator/1.0.86/json-schema-validator-1.0.86.jar:/home/maheshrv/.m2/repository/com/ethlo/time/itu/1.7.0/itu-1.7.0.jar:/home/maheshrv/.m2/repository/com/fasterxml/jackson/dataformat/jackson-dataformat-yaml/2.15.3/jackson-dataformat-yaml-2.15.3.jar:/home/maheshrv/.m2/repository/com/auth0/java-jwt/4.4.0/java-jwt-4.4.0.jar:/home/maheshrv/.m2/repository/com/bazaarvoice/jolt/json-utils/0.1.1/json-utils-0.1.1.jar:/home/maheshrv/.m2/repository/com/bazaarvoice/jolt/jolt-core/0.1.1/jolt-core-0.1.1.jar:/home/maheshrv/.m2/repository/javax/inject/javax.inject/1/javax.inject-1.jar:/home/maheshrv/.m2/repository/org/apache/commons/commons-csv/1.9.0/commons-csv-1.9.0.jar:/home/maheshrv/.m2/repository/net/karmayogibharat/cloud-store-sdk_2.12/1.4.8/cloud-store-sdk_2.12-1.4.8.jar:/home/maheshrv/.m2/repository/com/google/guava/guava/31.1-jre/guava-31.1-jre.jar:/home/maheshrv/.m2/repository/com/google/guava/failureaccess/1.0.1/failureaccess-1.0.1.jar:/home/maheshrv/.m2/repository/com/google/guava/listenablefuture/9999.0-empty-to-avoid-conflict-with-guava/listenablefuture-9999.0-empty-to-avoid-conflict-with-guava.jar:/home/maheshrv/.m2/repository/com/google/errorprone/error_prone_annotations/2.11.0/error_prone_annotations-2.11.0.jar:/home/maheshrv/.m2/repository/com/google/j2objc/j2objc-annotations/1.3/j2objc-annotations-1.3.jar:/home/maheshrv/.m2/repository/javax/activation/activation/1.1.1/activation-1.1.1.jar:/home/maheshrv/.m2/repository/javax/xml/bind/jaxb-api/2.3.1/jaxb-api-2.3.1.jar:/home/maheshrv/.m2/repository/javax/activation/javax.activation-api/1.2.0/javax.activation-api-1.2.0.jar:/home/maheshrv/.m2/repository/org/apache/jclouds/jclouds-all/2.6.0/jclouds-all-2.6.0.jar:/home/maheshrv/.m2/repository/org/apache/jclouds/api/rackspace-cloudidentity/2.6.0/rackspace-cloudidentity-2.6.0.jar:/home/maheshrv/.m2/repository/org/apache/jclouds/api/openstack-keystone/2.6.0/openstack-keystone-2.6.0.jar:/home/maheshrv/.m2/repository/org/apache/jclouds/api/openstack-cinder/2.6.0/openstack-cinder-2.6.0.jar:/home/maheshrv/.m2/repository/org/apache/jclouds/jclouds-core/2.6.0/jclouds-core-2.6.0.jar:/home/maheshrv/.m2/repository/com/google/code/gson/gson/2.10.1/gson-2.10.1.jar:/home/maheshrv/.m2/repository/com/google/inject/guice/7.0.0/guice-7.0.0.jar:/home/maheshrv/.m2/repository/aopalliance/aopalliance/1.0/aopalliance-1.0.jar:/home/maheshrv/.m2/repository/com/google/inject/extensions/guice-assistedinject/7.0.0/guice-assistedinject-7.0.0.jar:/home/maheshrv/.m2/repository/jakarta/ws/rs/jakarta.ws.rs-api/3.1.0/jakarta.ws.rs-api-3.1.0.jar:/home/maheshrv/.m2/repository/com/sun/xml/bind/jaxb-impl/4.0.4/jaxb-impl-4.0.4.jar:/home/maheshrv/.m2/repository/com/sun/xml/bind/jaxb-core/4.0.4/jaxb-core-4.0.4.jar:/home/maheshrv/.m2/repository/org/apache/jclouds/api/rackspace-clouddns/2.6.0/rackspace-clouddns-2.6.0.jar:/home/maheshrv/.m2/repository/org/apache/jclouds/provider/aws-cloudwatch/2.6.0/aws-cloudwatch-2.6.0.jar:/home/maheshrv/.m2/repository/org/apache/jclouds/api/cloudwatch/2.6.0/cloudwatch-2.6.0.jar:/home/maheshrv/.m2/repository/org/apache/jclouds/provider/rackspace-cloudblockstorage-us/2.6.0/rackspace-cloudblockstorage-us-2.6.0.jar:/home/maheshrv/.m2/repository/org/apache/jclouds/provider/rackspace-cloudblockstorage-uk/2.6.0/rackspace-cloudblockstorage-uk-2.6.0.jar:/home/maheshrv/.m2/repository/org/apache/jclouds/provider/rackspace-clouddns-us/2.6.0/rackspace-clouddns-us-2.6.0.jar:/home/maheshrv/.m2/repository/org/apache/jclouds/provider/rackspace-clouddns-uk/2.6.0/rackspace-clouddns-uk-2.6.0.jar:/home/maheshrv/.m2/repository/org/apache/jclouds/provider/rackspace-clouddatabases-us/2.6.0/rackspace-clouddatabases-us-2.6.0.jar:/home/maheshrv/.m2/repository/org/apache/jclouds/api/openstack-trove/2.6.0/openstack-trove-2.6.0.jar:/home/maheshrv/.m2/repository/org/apache/jclouds/provider/rackspace-clouddatabases-uk/2.6.0/rackspace-clouddatabases-uk-2.6.0.jar:/home/maheshrv/.m2/repository/org/apache/jclouds/provider/aws-sqs/2.6.0/aws-sqs-2.6.0.jar:/home/maheshrv/.m2/repository/org/apache/jclouds/api/sqs/2.6.0/sqs-2.6.0.jar:/home/maheshrv/.m2/repository/org/apache/jclouds/provider/aws-sts/2.6.0/aws-sts-2.6.0.jar:/home/maheshrv/.m2/repository/org/apache/jclouds/api/sts/2.6.0/sts-2.6.0.jar:/home/maheshrv/.m2/repository/org/apache/jclouds/provider/aws-route53/2.6.0/aws-route53-2.6.0.jar:/home/maheshrv/.m2/repository/org/apache/jclouds/api/route53/2.6.0/route53-2.6.0.jar:/home/maheshrv/.m2/repository/org/apache/jclouds/provider/ultradns-ws/2.6.0/ultradns-ws-2.6.0.jar:/home/maheshrv/.m2/repository/org/apache/jclouds/provider/dynect/2.6.0/dynect-2.6.0.jar:/home/maheshrv/.m2/repository/org/apache/jclouds/api/chef/2.6.0/chef-2.6.0.jar:/home/maheshrv/.m2/repository/org/apache/jclouds/jclouds-scriptbuilder/2.6.0/jclouds-scriptbuilder-2.6.0.jar:/home/maheshrv/.m2/repository/org/apache/jclouds/jclouds-allloadbalancer/2.6.0/jclouds-allloadbalancer-2.6.0.jar:/home/maheshrv/.m2/repository/org/apache/jclouds/provider/rackspace-cloudloadbalancers-uk/2.6.0/rackspace-cloudloadbalancers-uk-2.6.0.jar:/home/maheshrv/.m2/repository/org/apache/jclouds/jclouds-loadbalancer/2.6.0/jclouds-loadbalancer-2.6.0.jar:/home/maheshrv/.m2/repository/org/apache/jclouds/api/rackspace-cloudloadbalancers/2.6.0/rackspace-cloudloadbalancers-2.6.0.jar:/home/maheshrv/.m2/repository/org/apache/jclouds/provider/rackspace-cloudloadbalancers-us/2.6.0/rackspace-cloudloadbalancers-us-2.6.0.jar:/home/maheshrv/.m2/repository/org/apache/jclouds/jclouds-allcompute/2.6.0/jclouds-allcompute-2.6.0.jar:/home/maheshrv/.m2/repository/org/apache/jclouds/provider/aws-ec2/2.6.0/aws-ec2-2.6.0.jar:/home/maheshrv/.m2/repository/org/apache/jclouds/api/openstack-nova/2.6.0/openstack-nova-2.6.0.jar:/home/maheshrv/.m2/repository/org/apache/jclouds/api/openstack-neutron/2.6.0/openstack-neutron-2.6.0.jar:/home/maheshrv/.m2/repository/org/apache/jclouds/jclouds-compute/2.6.0/jclouds-compute-2.6.0.jar:/home/maheshrv/.m2/repository/org/apache/jclouds/api/openstack-nova-ec2/2.6.0/openstack-nova-ec2-2.6.0.jar:/home/maheshrv/.m2/repository/org/apache/jclouds/api/byon/2.6.0/byon-2.6.0.jar:/home/maheshrv/.m2/repository/org/apache/jclouds/api/ec2/2.6.0/ec2-2.6.0.jar:/home/maheshrv/.m2/repository/org/apache/jclouds/provider/gogrid/2.6.0/gogrid-2.6.0.jar:/home/maheshrv/.m2/repository/org/apache/jclouds/api/elasticstack/2.6.0/elasticstack-2.6.0.jar:/home/maheshrv/.m2/repository/org/apache/jclouds/provider/elastichosts-lon-p/2.6.0/elastichosts-lon-p-2.6.0.jar:/home/maheshrv/.m2/repository/org/apache/jclouds/provider/elastichosts-sat-p/2.6.0/elastichosts-sat-p-2.6.0.jar:/home/maheshrv/.m2/repository/org/apache/jclouds/provider/elastichosts-lon-b/2.6.0/elastichosts-lon-b-2.6.0.jar:/home/maheshrv/.m2/repository/org/apache/jclouds/provider/openhosting-east1/2.6.0/openhosting-east1-2.6.0.jar:/home/maheshrv/.m2/repository/org/apache/jclouds/provider/serverlove-z1-man/2.6.0/serverlove-z1-man-2.6.0.jar:/home/maheshrv/.m2/repository/org/apache/jclouds/provider/skalicloud-sdg-my/2.6.0/skalicloud-sdg-my-2.6.0.jar:/home/maheshrv/.m2/repository/org/apache/jclouds/provider/go2cloud-jhb1/2.6.0/go2cloud-jhb1-2.6.0.jar:/home/maheshrv/.m2/repository/org/apache/jclouds/provider/softlayer/2.6.0/softlayer-2.6.0.jar:/home/maheshrv/.m2/repository/org/apache/jclouds/api/cloudstack/2.6.0/cloudstack-2.6.0.jar:/home/maheshrv/.m2/repository/org/apache/jclouds/provider/rackspace-cloudservers-us/2.6.0/rackspace-cloudservers-us-2.6.0.jar:/home/maheshrv/.m2/repository/org/apache/jclouds/provider/rackspace-cloudservers-uk/2.6.0/rackspace-cloudservers-uk-2.6.0.jar:/home/maheshrv/.m2/repository/org/apache/jclouds/provider/google-compute-engine/2.6.0/google-compute-engine-2.6.0.jar:/home/maheshrv/.m2/repository/org/apache/jclouds/driver/jclouds-bouncycastle/2.6.0/jclouds-bouncycastle-2.6.0.jar:/home/maheshrv/.m2/repository/org/bouncycastle/bcprov-ext-jdk18on/1.74/bcprov-ext-jdk18on-1.74.jar:/home/maheshrv/.m2/repository/org/apache/jclouds/common/googlecloud/2.6.0/googlecloud-2.6.0.jar:/home/maheshrv/.m2/repository/org/apache/jclouds/provider/digitalocean2/2.6.0/digitalocean2-2.6.0.jar:/home/maheshrv/.m2/repository/org/apache/jclouds/api/oauth/2.6.0/oauth-2.6.0.jar:/home/maheshrv/.m2/repository/org/apache/jclouds/provider/profitbricks/2.6.0/profitbricks-2.6.0.jar:/home/maheshrv/.m2/repository/org/apache/jclouds/api/docker/2.6.0/docker-2.6.0.jar:/home/maheshrv/.m2/repository/org/apache/jclouds/driver/jclouds-sshj/2.6.0/jclouds-sshj-2.6.0.jar:/home/maheshrv/.m2/repository/org/apache/jclouds/driver/jclouds-slf4j/2.6.0/jclouds-slf4j-2.6.0.jar:/home/maheshrv/.m2/repository/com/hierynomus/sshj/0.27.0/sshj-0.27.0.jar:/home/maheshrv/.m2/repository/com/jcraft/jzlib/1.1.3/jzlib-1.1.3.jar:/home/maheshrv/.m2/repository/net/i2p/crypto/eddsa/0.2.0/eddsa-0.2.0.jar:/home/maheshrv/.m2/repository/com/jcraft/jsch.agentproxy.sshj/0.0.9/jsch.agentproxy.sshj-0.0.9.jar:/home/maheshrv/.m2/repository/com/jcraft/jsch.agentproxy.core/0.0.9/jsch.agentproxy.core-0.0.9.jar:/home/maheshrv/.m2/repository/com/jcraft/jsch.agentproxy.connector-factory/0.0.9/jsch.agentproxy.connector-factory-0.0.9.jar:/home/maheshrv/.m2/repository/com/jcraft/jsch.agentproxy.usocket-jna/0.0.9/jsch.agentproxy.usocket-jna-0.0.9.jar:/home/maheshrv/.m2/repository/net/java/dev/jna/jna/4.1.0/jna-4.1.0.jar:/home/maheshrv/.m2/repository/net/java/dev/jna/jna-platform/4.1.0/jna-platform-4.1.0.jar:/home/maheshrv/.m2/repository/com/jcraft/jsch.agentproxy.usocket-nc/0.0.9/jsch.agentproxy.usocket-nc-0.0.9.jar:/home/maheshrv/.m2/repository/com/jcraft/jsch.agentproxy.sshagent/0.0.9/jsch.agentproxy.sshagent-0.0.9.jar:/home/maheshrv/.m2/repository/com/jcraft/jsch.agentproxy.pageant/0.0.9/jsch.agentproxy.pageant-0.0.9.jar:/home/maheshrv/.m2/repository/org/apache/jclouds/driver/jclouds-okhttp/2.6.0/jclouds-okhttp-2.6.0.jar:/home/maheshrv/.m2/repository/com/squareup/okhttp3/okhttp/4.12.0/okhttp-4.12.0.jar:/home/maheshrv/.m2/repository/org/jetbrains/kotlin/kotlin-stdlib-jdk8/1.9.20/kotlin-stdlib-jdk8-1.9.20.jar:/home/maheshrv/.m2/repository/org/jetbrains/kotlin/kotlin-stdlib/1.9.20/kotlin-stdlib-1.9.20.jar:/home/maheshrv/.m2/repository/org/jetbrains/annotations/13.0/annotations-13.0.jar:/home/maheshrv/.m2/repository/org/jetbrains/kotlin/kotlin-stdlib-jdk7/1.9.20/kotlin-stdlib-jdk7-1.9.20.jar:/home/maheshrv/.m2/repository/com/squareup/okio/okio/3.4.0/okio-3.4.0.jar:/home/maheshrv/.m2/repository/com/squareup/okio/okio-jvm/3.4.0/okio-jvm-3.4.0.jar:/home/maheshrv/.m2/repository/org/jetbrains/kotlin/kotlin-stdlib-common/1.9.20/kotlin-stdlib-common-1.9.20.jar:/home/maheshrv/.m2/repository/org/apache/jclouds/provider/packet/2.6.0/packet-2.6.0.jar:/home/maheshrv/.m2/repository/org/apache/jclouds/provider/azurecompute-arm/2.6.0/azurecompute-arm-2.6.0.jar:/home/maheshrv/.m2/repository/org/apache/jclouds/jclouds-allblobstore/2.6.0/jclouds-allblobstore-2.6.0.jar:/home/maheshrv/.m2/repository/org/apache/jclouds/api/s3/2.6.0/s3-2.6.0.jar:/home/maheshrv/.m2/repository/org/apache/jclouds/jclouds-blobstore/2.6.0/jclouds-blobstore-2.6.0.jar:/home/maheshrv/.m2/repository/org/apache/jclouds/provider/aws-s3/2.6.0/aws-s3-2.6.0.jar:/home/maheshrv/.m2/repository/org/apache/jclouds/provider/azureblob/2.6.0/azureblob-2.6.0.jar:/home/maheshrv/.m2/repository/org/apache/jclouds/api/atmos/2.6.0/atmos-2.6.0.jar:/home/maheshrv/.m2/repository/org/apache/jclouds/provider/b2/2.6.0/b2-2.6.0.jar:/home/maheshrv/.m2/repository/org/apache/jclouds/api/glacier/2.6.0/glacier-2.6.0.jar:/home/maheshrv/.m2/repository/org/apache/jclouds/provider/google-cloud-storage/2.6.0/google-cloud-storage-2.6.0.jar:/home/maheshrv/.m2/repository/org/apache/jclouds/api/openstack-swift/2.6.0/openstack-swift-2.6.0.jar:/home/maheshrv/.m2/repository/org/apache/jclouds/provider/rackspace-cloudfiles-us/2.6.0/rackspace-cloudfiles-us-2.6.0.jar:/home/maheshrv/.m2/repository/org/apache/jclouds/api/rackspace-cloudfiles/2.6.0/rackspace-cloudfiles-2.6.0.jar:/home/maheshrv/.m2/repository/org/apache/jclouds/provider/rackspace-cloudfiles-uk/2.6.0/rackspace-cloudfiles-uk-2.6.0.jar:/home/maheshrv/.m2/repository/com/microsoft/azure/azure-storage/8.4.0/azure-storage-8.4.0.jar:/home/maheshrv/.m2/repository/org/apache/commons/commons-lang3/3.13.0/commons-lang3-3.13.0.jar:/home/maheshrv/.m2/repository/com/microsoft/azure/azure-keyvault-core/1.0.0/azure-keyvault-core-1.0.0.jar:/home/maheshrv/.m2/repository/org/apache/hadoop/hadoop-azure/3.4.0/hadoop-azure-3.4.0.jar:/home/maheshrv/.m2/repository/org/apache/hadoop/thirdparty/hadoop-shaded-guava/1.2.0/hadoop-shaded-guava-1.2.0.jar:/home/maheshrv/.m2/repository/org/eclipse/jetty/jetty-util-ajax/12.0.3/jetty-util-ajax-12.0.3.jar:/home/maheshrv/.m2/repository/org/eclipse/jetty/jetty-util/12.0.3/jetty-util-12.0.3.jar:/home/maheshrv/.m2/repository/org/wildfly/openssl/wildfly-openssl/1.1.3.Final/wildfly-openssl-1.1.3.Final.jar:/home/maheshrv/.m2/repository/joda-time/joda-time/2.12.3/joda-time-2.12.3.jar:/home/maheshrv/.m2/repository/com/fasterxml/jackson/module/jackson-module-scala_2.12/2.15.3/jackson-module-scala_2.12-2.15.3.jar:/home/maheshrv/.m2/repository/org/scala-lang/scala-library/2.12.17/scala-library-2.12.17.jar:/home/maheshrv/.m2/repository/com/thoughtworks/paranamer/paranamer/2.8/paranamer-2.8.jar:/home/maheshrv/.m2/repository/org/apache/tika/tika-core/2.4.1/tika-core-2.4.1.jar:"/>
    <property name="sun.cpu.endian" value="little"/>
    <property name="user.home" value="/home/maheshrv"/>
    <property name="user.language" value="en"/>
    <property name="java.specification.vendor" value="Oracle Corporation"/>
    <property name="java.version.date" value="2025-04-15"/>
    <property name="java.home" value="/usr/lib/jvm/java-17-openjdk-amd64"/>
    <property name="file.separator" value="/"/>
    <property name="basedir" value="/home/maheshrv/Documents/IGOT/sourcecodes-igot/cb-discussion-service"/>
    <property name="java.vm.compressedOopsMode" value="Zero based"/>
    <property name="line.separator" value="&#10;"/>
    <property name="java.specification.name" value="Java Platform API Specification"/>
    <property name="java.vm.specification.vendor" value="Oracle Corporation"/>
    <property name="surefire.real.class.path" value="/home/maheshrv/Documents/IGOT/sourcecodes-igot/cb-discussion-service/target/surefire/surefirebooter-20250814121312221_3.jar"/>
    <property name="sun.management.compiler" value="HotSpot 64-Bit Tiered Compilers"/>
    <property name="java.runtime.version" value="17.0.15+6-Ubuntu-0ubuntu120.04"/>
    <property name="user.name" value="maheshrv"/>
    <property name="path.separator" value=":"/>
    <property name="os.version" value="5.15.0-139-generic"/>
    <property name="java.runtime.name" value="OpenJDK Runtime Environment"/>
    <property name="file.encoding" value="UTF-8"/>
    <property name="java.vm.name" value="OpenJDK 64-Bit Server VM"/>
    <property name="localRepository" value="/home/maheshrv/.m2/repository"/>
    <property name="java.vendor.url.bug" value="https://bugs.launchpad.net/ubuntu/+source/openjdk-17"/>
    <property name="java.io.tmpdir" value="/tmp"/>
    <property name="java.version" value="17.0.15"/>
    <property name="user.dir" value="/home/maheshrv/Documents/IGOT/sourcecodes-igot/cb-discussion-service"/>
    <property name="os.arch" value="amd64"/>
    <property name="java.vm.specification.name" value="Java Virtual Machine Specification"/>
    <property name="native.encoding" value="UTF-8"/>
    <property name="java.library.path" value="/usr/java/packages/lib:/usr/lib/x86_64-linux-gnu/jni:/lib/x86_64-linux-gnu:/usr/lib/x86_64-linux-gnu:/usr/lib/jni:/lib:/usr/lib"/>
    <property name="java.vm.info" value="mixed mode, sharing"/>
    <property name="java.vendor" value="Ubuntu"/>
    <property name="java.vm.version" value="17.0.15+6-Ubuntu-0ubuntu120.04"/>
    <property name="java.specification.maintenance.version" value="1"/>
    <property name="sun.io.unicode.encoding" value="UnicodeLittle"/>
    <property name="java.class.version" value="61.0"/>
  </properties>
  <testcase name="testSearchResultRedisTemplate" classname="com.igot.cb.pores.config.RedisConfigTest" time="0.007"/>
  <testcase name="testRedisDataConnectionFactory" classname="com.igot.cb.pores.config.RedisConfigTest" time="0.002"/>
  <testcase name="testRedisDataTemplate" classname="com.igot.cb.pores.config.RedisConfigTest" time="0.001"/>
  <testcase name="testRedisTemplate" classname="com.igot.cb.pores.config.RedisConfigTest" time="0.001"/>
  <testcase name="testRedisConnectionFactory" classname="com.igot.cb.pores.config.RedisConfigTest" time="0.001"/>
</testsuite>